
################################################################################
#
# This file has been generated by SpyGlass:
#     Report Name      : moresimple
#     Report Created by: yyx
#     Report Created on:  Fri Sep 15 10:17:19 2023
#     Working Directory: /media/yyx/B63E46DF3E46986F/new_proj/sha256/spyglass
#     SpyGlass Version : SpyGlass_vL-2016.06
#     Policy Name      : SpyGlass(SpyGlass_vL-2016.06)
#                        auto-verify(SpyGlass_vL-2016.06)
#
#     Total Number of Generated Messages :          6
#     Number of Waived Messages          :          0
#     Number of Reported Messages        :          6
#     Number of Overlimit Messages       :          0
#
#
################################################################################

+++++++++++++++++++++++++++++++++++++++++++++++++++++++++++++++++++++++
MORESIMPLE REPORT:


############### BuiltIn -> RuleGroup=Design Read ###############
+++++++++++++++++++++++++++++++++++++++++++++++++++++++++++++++++++++++++++++++++++++++
ID       Rule                    Alias                   Severity    File                                                                                   Line    Wt    Message
======================================================================================
[1]      DetectTopDesignUnits    DetectTopDesignUnits    Info        ../rtl/sha256.v                                                                        25      2     Module sha256 is a top level design unit
[0]      ElabSummary             ElabSummary             Info        ./sha256/sha256/lint/lint_functional_rtl/spyglass_reports/SpyGlass/elab_summary.rpt    0       2     Please refer file './sha256/sha256/lint/lint_functional_rtl/spyglass_reports/SpyGlass/elab_summary.rpt' for elab summary report
+++++++++++++++++++++++++++++++++++++++++++++++++++++++++++++++++++++++++++++++++++++++


############### Non-BuiltIn -> Goal=lint/lint_functional_rtl ###############
+++++++++++++++++++++++++++++++++++++++++++++++++++++++++++++++++++++++++++++++++++++++
ID       Rule                        Alias             Severity    File                    Line    Wt    Message
======================================================================================
[2E]     Av_width_mismatch_assign                      Warning     ../rtl/sha256_axir.v    178     10    LHS: 'blk_len' width 32 is less than RHS: 'nxt_blk_len' width 33 in assignment [Hierarchy: 'sha256.u_sha256_axir']
[2F]     Av_Info_Case_Analysis       showSimVal        Info        ../rtl/sha256.v         25      10    Information for set_case_analysis value propagation for design 'sha256' is displayed
[2D]     Av_initstate01              ResetState        Info        ../rtl/sha256.v         25      10    7 percent of sequential outputs are initialized with sets/resets and 0 percent sequential outputs are initialized by data path. Refer file: './sha256/sha256/lint/lint_functional_rtl/spyglass_reports/auto-verify/auto_verify.reg' for details
[30]     Av_report01                 PropStatistics    Info        ../rtl/sha256.v         25      10    Implicit: '1' implicit properties analyzed, '1' failed, '0' passed, '0' partially proved, '0' not analyzed, '0' others for top design unit 'sha256'. Refer file: './sha256/sha256/lint/lint_functional_rtl/spyglass_reports/auto-verify/auto_verify.rpt' for details
+++++++++++++++++++++++++++++++++++++++++++++++++++++++++++++++++++++++++++++++++++++++
