################################################################################
#
# This file has been generated by SpyGlass:
#     Report Created by: yyx
#     Report Created on: Fri Sep 15 10:16:59 2023
#     Working Directory: /media/yyx/B63E46DF3E46986F/new_proj/sha256/spyglass
#     Report Location  : ./sha256/sha256/lint/lint_rtl/spyglass_reports/SpyGlass/elab_summary.rpt
#     SpyGlass Version : SpyGlass_vL-2016.06
#     Policy Name      : SpyGlass(SpyGlass_vL-2016.06)
#     Comment          : This report contains RTL and Elaborated names along with parameter values
#
################################################################################

================================================================================
Elaborated Name: 'sha256_cfg'
    (RTL Design Unit name: 'sha256_cfg', ../rtl/sha256_cfg.v:25)
     Parameters (Total: 0)
     Instances (Total: 1): sha256.u_sha256_cfg 

================================================================================

Elaborated Name: 'sha256_axir'
    (RTL Design Unit name: 'sha256_axir', ../rtl/sha256_axir.v:28)
     Parameters (Total: 4)
         s_idle  = 0 (default: 'd0)
         s_judge = 1 (default: 'd1)
         s_cmd0  = 2 (default: 'd2)
         s_cmd1  = 3 (default: 'd3)
     Instances (Total: 1): sha256.u_sha256_axir 

================================================================================

Elaborated Name: 'sync_fifo'
    (RTL Design Unit name: 'sync_fifo', ../rtl/sync_fifo.v:2)
     Parameters (Total: 3)
         FIFO_WIDTH    = 32 (default: 16)
         FIFO_DEPTH    = 16 (default: 8)
         FIFO_ADDR_BIT = 4 (default: 3)
     Instances (Total: 1): sha256.u_sync_fifo 

================================================================================

Elaborated Name: 'sha256_flow_ctl'
    (RTL Design Unit name: 'sha256_flow_ctl', ../rtl/sha256_flow_ctl.v:27)
     Parameters (Total: 2)
         s_msg = 0 (default: 'd0)
         s_cal = 1 (default: 'd1)
     Instances (Total: 1): sha256.u_sha256_flow_ctl 

================================================================================

Elaborated Name: 'sha256_core'
    (RTL Design Unit name: 'sha256_core', ../rtl/sha256_core.v:25)
     Parameters (Total: 0)
     Instances (Total: 1): sha256.u_sha256_core 

================================================================================

Elaborated Name: 'sha256_k_lut'
    (RTL Design Unit name: 'sha256_k_lut', ../rtl/sha256_k_lut.v:25)
     Parameters (Total: 0)
     Instances (Total: 1): sha256.u_sha256_core.u_k_lut 

================================================================================

Elaborated Name: 'sha256_w_reg'
    (RTL Design Unit name: 'sha256_w_reg', ../rtl/sha256_w_reg.v:25)
     Parameters (Total: 0)
     Instances (Total: 1): sha256.u_sha256_core.u_w_reg 

================================================================================

Elaborated Name: 'sha256_loop'
    (RTL Design Unit name: 'sha256_loop', ../rtl/sha256_loop.v:26)
     Parameters (Total: 8)
         SHA256_H0_0 = 1779033703 (default: 32'h6a09e667)
         SHA256_H0_1 = 3144134277 (default: 32'hbb67ae85)
         SHA256_H0_2 = 1013904242 (default: 32'h3c6ef372)
         SHA256_H0_3 = 2773480762 (default: 32'ha54ff53a)
         SHA256_H0_4 = 1359893119 (default: 32'h510e527f)
         SHA256_H0_5 = 2600822924 (default: 32'h9b05688c)
         SHA256_H0_6 = 528734635 (default: 32'h1f83d9ab)
         SHA256_H0_7 = 1541459225 (default: 32'h5be0cd19)
     Instances (Total: 1): sha256.u_sha256_core.u_loop 

================================================================================

Elaborated Name: 'sha256'
    (RTL Design Unit name: 'sha256', ../rtl/sha256.v:25)
     Parameters (Total: 0)
================================================================================
