
################################################################################
#
# This file has been generated by SpyGlass:
#     Report Name      : moresimple
#     Report Created by: yyx
#     Report Created on:  Fri Sep 15 10:16:58 2023
#     Working Directory: /media/yyx/B63E46DF3E46986F/new_proj/sha256/spyglass
#     SpyGlass Version : SpyGlass_vL-2016.06
#     Policy Name      : SpyGlass(SpyGlass_vL-2016.06)
#                        clock-reset(SpyGlass_vL-2016.06)
#                        erc(SpyGlass_vL-2016.06)
#                        latch(SpyGlass_vL-2016.06)
#                        lint(SpyGlass_vL-2016.06)
#                        morelint(SpyGlass_vL-2016.06)
#                        openmore(SpyGlass_vL-2016.06)
#                        power_est(SpyGlass_vL-2016.06)
#                        simulation(SpyGlass_vL-2016.06)
#                        starc(SpyGlass_vL-2016.06)
#                        starc2005(SpyGlass_vL-2016.06)
#                        timing(SpyGlass_vL-2016.06)
#                        txv(SpyGlass_vL-2016.06)
#
#     Total Number of Generated Messages :         16
#     Number of Waived Messages          :          0
#     Number of Reported Messages        :         16
#     Number of Overlimit Messages       :          0
#
#
################################################################################

+++++++++++++++++++++++++++++++++++++++++++++++++++++++++++++++++++++++
MORESIMPLE REPORT:


############### BuiltIn -> RuleGroup=Design Read ###############
+++++++++++++++++++++++++++++++++++++++++++++++++++++++++++++++++++++++++++++++++++++++
ID       Rule                    Alias                   Severity    File                                                                        Line    Wt    Message
======================================================================================
[1]      DetectTopDesignUnits    DetectTopDesignUnits    Info        ../rtl/sha256.v                                                             25      2     Module sha256 is a top level design unit
[0]      ElabSummary             ElabSummary             Info        ./sha256/sha256/lint/lint_rtl/spyglass_reports/SpyGlass/elab_summary.rpt    0       2     Please refer file './sha256/sha256/lint/lint_rtl/spyglass_reports/SpyGlass/elab_summary.rpt' for elab summary report
+++++++++++++++++++++++++++++++++++++++++++++++++++++++++++++++++++++++++++++++++++++++


############### Non-BuiltIn -> Goal=lint/lint_rtl ###############
+++++++++++++++++++++++++++++++++++++++++++++++++++++++++++++++++++++++++++++++++++++++
ID       Rule                Alias                Severity    File                                                                         Line    Wt    Message
======================================================================================
[6]      STARC05-2.11.3.1    SepStateNextLogic    Warning     ../rtl/sha256_axir.v                                                         136     10    Combinational and sequential parts of an FSM described in same always block
[B]      STARC05-2.11.3.1    SepStateNextLogic    Warning     ../rtl/sha256_flow_ctl.v                                                     78      10    Combinational and sequential parts of an FSM described in same always block
[A]      W240                                     Warning     ../rtl/sha256_axir.v                                                         87      10    Input 'rid[3:0]' declared but not read.[Hierarchy: ':sha256:u_sha256_axir@sha256_axir']
[9]      W240                                     Warning     ../rtl/sha256_axir.v                                                         89      10    Input 'rresp[1:0]' declared but not read.[Hierarchy: ':sha256:u_sha256_axir@sha256_axir']
[8]      W240                                     Warning     ../rtl/sha256_axir.v                                                         90      10    Input 'rlast' declared but not read.[Hierarchy: ':sha256:u_sha256_axir@sha256_axir']
[C]      W240                                     Warning     ../rtl/sha256_flow_ctl.v                                                     52      10    Input 'axi_bulk_end' declared but not read.[Hierarchy: ':sha256:u_sha256_flow_ctl@sha256_flow_ctl']
[D]      W240                                     Warning     ../rtl/sha256_k_lut.v                                                        35      10    Input 'rstn' declared but not read.[Hierarchy: ':sha256:u_sha256_core@sha256_core:u_k_lut@sha256_k_lut']
[E]      W240                                     Warning     ../rtl/sha256_w_reg.v                                                        38      10    Input 'rstn' declared but not read.[Hierarchy: ':sha256:u_sha256_core@sha256_core:u_w_reg@sha256_w_reg']
[F]      W240                                     Warning     ../rtl/sha256_w_reg.v                                                        41      10    Input 'msg_dcnt[3:0]' declared but not read.[Hierarchy: ':sha256:u_sha256_core@sha256_core:u_w_reg@sha256_w_reg']
[10]     W240                                     Warning     ../rtl/sha256_w_reg.v                                                        43      10    Input 'loop_cnt[5:0]' declared but not read.[Hierarchy: ':sha256:u_sha256_core@sha256_core:u_w_reg@sha256_w_reg']
[2]      W287b                                    Warning     ../rtl/sha256.v                                                              183     5     Instance output port 'fifo_ful' is not connected
[4]      W528                                     Warning     ../rtl/sha256.v                                                              152     10    Variable 'ibuf_waddr[3:0]' set but not read.[Hierarchy: ':sha256']
[7]      W240                                     Info        ./sha256/sha256/lint/lint_rtl/spyglass_reports/lint/SignalUsageReport.rpt    0       10    Please refer to 'SignalUsageReport.rpt' for details of violating bits
[3]      W528                                     Info        ./sha256/sha256/lint/lint_rtl/spyglass_reports/lint/SignalUsageReport.rpt    0       10    Please refer to 'SignalUsageReport.rpt' for details of violating bits
+++++++++++++++++++++++++++++++++++++++++++++++++++++++++++++++++++++++++++++++++++++++
