 
****************************************
Report : net fanout
        -threshold 25
Design : sha256
Version: O-2018.06-SP1
Date   : Fri Sep 15 10:31:25 2023
****************************************


Operating Conditions: slow   Library: slow
Wire Load Model Mode: enclosed

Design        Wire Load Model            Library
------------------------------------------------
sha256                 ForQA             slow


Attributes:
   dr - drc disabled
    c - annotated capacitance
    d - dont_touch
    i - ideal_net
    I - ideal_network
    p - includes pin load
    r - annotated resistance
    h - high fanout

Net                 Fanout   Attributes   Capacitance   Driver
--------------------------------------------------------------------------------
clk                     32   dr, d, I         0.00      clk
rstn                   128   d, I             0.00      rstn
u_sha256_core/n13      550   dr, h          329.95      u_sha256_core/clk_gate_w_mem_reg[15]/main_gate/Y
u_sha256_cfg/n5         32   dr              22.07      u_sha256_cfg/clk_gate_prdata_reg_1/main_gate/Y
u_sha256_cfg/n214       32   dr              22.04      u_sha256_cfg/clk_gate_cfg_blk_len_reg_1/main_gate/Y
u_sha256_cfg/n220       32   dr              22.04      u_sha256_cfg/clk_gate_cfg_blk_base_reg_1/main_gate/Y
u_sha256_axir/net650     62  dr              52.14      u_sha256_axir/clk_gate_blk_len_reg/main_gate/Y
u_sync_fifo/n367        32   dr              22.06      u_sync_fifo/clk_gate_mem_reg[0]_0/main_gate/Y
u_sync_fifo/n368        32   dr              22.06      u_sync_fifo/clk_gate_mem_reg[1]_0/main_gate/Y
u_sync_fifo/n369        32   dr              22.06      u_sync_fifo/clk_gate_mem_reg[2]_0/main_gate/Y
u_sync_fifo/n370        32   dr              22.06      u_sync_fifo/clk_gate_mem_reg[3]_0/main_gate/Y
u_sync_fifo/n371        32   dr              22.06      u_sync_fifo/clk_gate_mem_reg[4]_0/main_gate/Y
u_sync_fifo/n372        32   dr              22.06      u_sync_fifo/clk_gate_mem_reg[5]_0/main_gate/Y
u_sync_fifo/n373        32   dr              22.06      u_sync_fifo/clk_gate_mem_reg[6]_0/main_gate/Y
u_sync_fifo/n374        32   dr              22.06      u_sync_fifo/clk_gate_mem_reg[7]_0/main_gate/Y
u_sync_fifo/n376        32   dr              22.06      u_sync_fifo/clk_gate_mem_reg[8]_0/main_gate/Y
u_sync_fifo/n377        32   dr              22.06      u_sync_fifo/clk_gate_mem_reg[9]_0/main_gate/Y
u_sync_fifo/n378        32   dr              22.06      u_sync_fifo/clk_gate_mem_reg[10]_0/main_gate/Y
u_sync_fifo/n379        32   dr              22.06      u_sync_fifo/clk_gate_mem_reg[11]_0/main_gate/Y
u_sync_fifo/n380        32   dr              22.06      u_sync_fifo/clk_gate_mem_reg[12]_0/main_gate/Y
u_sync_fifo/n381        32   dr              22.06      u_sync_fifo/clk_gate_mem_reg[13]_0/main_gate/Y
u_sync_fifo/n382        32   dr              22.06      u_sync_fifo/clk_gate_mem_reg[14]_0/main_gate/Y
u_sync_fifo/n383        32   dr              22.06      u_sync_fifo/clk_gate_mem_reg[15]_0/main_gate/Y
u_sha256_core/u_loop/net371    256 dr, h    329.95      u_sha256_core/u_loop/clk_gate_h6_reg/main_gate/Y
u_sha256_core/u_loop/net373    256 dr, h    329.95      u_sha256_core/u_loop/clk_gate_d_reg/main_gate/Y
1
