 
****************************************
Report : net fanout
        -threshold 25
Design : sha256
Version: O-2018.06-SP1
Date   : Fri Sep 15 10:31:35 2023
****************************************


Operating Conditions: slow   Library: slow
Wire Load Model Mode: enclosed

Design        Wire Load Model            Library
------------------------------------------------
sha256                 ForQA             slow


Attributes:
   dr - drc disabled
    c - annotated capacitance
    d - dont_touch
    i - ideal_net
    I - ideal_network
    p - includes pin load
    r - annotated resistance
    h - high fanout

Net                 Fanout   Attributes   Capacitance   Driver
--------------------------------------------------------------------------------
clk                     27   dr, d, I         0.00      clk
rstn                   128   d, I             0.00      rstn
n43                    555   dr, h          329.95      u_sha256_core/clk_gate_rd_ptr_reg/main_gate/Y
u_sha256_cfg/n301       32   dr              22.07      u_sha256_cfg/clk_gate_prdata_reg/main_gate/Y
u_sha256_cfg/n302       32   dr              22.04      u_sha256_cfg/clk_gate_cfg_blk_base_reg/main_gate/Y
u_sha256_cfg/n303       32   dr              22.04      u_sha256_cfg/clk_gate_cfg_blk_len_reg/main_gate/Y
u_sha256_axir/net650     62  dr              52.14      u_sha256_axir/clk_gate_axi_addr_reg/main_gate/Y
u_sync_fifo/n471        32   dr              22.06      u_sync_fifo/clk_gate_mem_reg_5_/main_gate/Y
u_sync_fifo/n472        32   dr              22.06      u_sync_fifo/clk_gate_mem_reg_3_/main_gate/Y
u_sync_fifo/n473        32   dr              22.06      u_sync_fifo/clk_gate_mem_reg_1_/main_gate/Y
u_sync_fifo/n474        32   dr              22.06      u_sync_fifo/clk_gate_mem_reg_7_/main_gate/Y
u_sync_fifo/n475        32   dr              22.06      u_sync_fifo/clk_gate_mem_reg_6_/main_gate/Y
u_sync_fifo/n476        32   dr              22.06      u_sync_fifo/clk_gate_mem_reg_4_/main_gate/Y
u_sync_fifo/n477        32   dr              22.06      u_sync_fifo/clk_gate_mem_reg_2_/main_gate/Y
u_sync_fifo/n478        32   dr              22.06      u_sync_fifo/clk_gate_mem_reg_0_/main_gate/Y
u_sync_fifo/n480        32   dr              22.06      u_sync_fifo/clk_gate_mem_reg_15_/main_gate/Y
u_sync_fifo/n481        32   dr              22.06      u_sync_fifo/clk_gate_mem_reg_14_/main_gate/Y
u_sync_fifo/n482        32   dr              22.06      u_sync_fifo/clk_gate_mem_reg_13_/main_gate/Y
u_sync_fifo/n483        32   dr              22.06      u_sync_fifo/clk_gate_mem_reg_12_/main_gate/Y
u_sync_fifo/n484        32   dr              22.06      u_sync_fifo/clk_gate_mem_reg_11_/main_gate/Y
u_sync_fifo/n485        32   dr              22.06      u_sync_fifo/clk_gate_mem_reg_10_/main_gate/Y
u_sync_fifo/n486        32   dr              22.06      u_sync_fifo/clk_gate_mem_reg_9_/main_gate/Y
u_sync_fifo/n487        32   dr              22.06      u_sync_fifo/clk_gate_mem_reg_8_/main_gate/Y
u_sha256_core/u_loop/net371    256 dr, h    329.95      u_sha256_core/u_loop/clk_gate_h6_reg_0/main_gate/Y
u_sha256_core/u_loop/net373    256 dr, h    329.95      u_sha256_core/u_loop/clk_gate_a_reg/main_gate/Y
1
