 
****************************************
Report : constraint
        -all_violators
        -verbose
Design : sha256
Version: O-2018.06-SP1
Date   : Fri Sep 15 10:31:25 2023
****************************************


  Startpoint: u_sync_fifo/clk_gate_rd_ptr_reg_0/latch
              (negative level-sensitive latch clocked by clk)
  Endpoint: u_sync_fifo/clk_gate_rd_ptr_reg_0/main_gate
            (gating element for clock clk)
  Path Group: clk
  Path Type: min

  Des/Clust/Port     Wire Load Model       Library
  ------------------------------------------------
  sha256             ForQA                 slow

  Point                                                   Incr       Path
  --------------------------------------------------------------------------
  clock clk (fall edge)                                   2.00       2.00
  clock network delay (ideal)                             1.00       3.00
  u_sync_fifo/clk_gate_rd_ptr_reg_0/latch/GN (TLATNX1)     0.00      3.00 f
  u_sync_fifo/clk_gate_rd_ptr_reg_0/latch/Q (TLATNX1)     0.12       3.12 r
  u_sync_fifo/clk_gate_rd_ptr_reg_0/main_gate/A (AND2X1)     0.00     3.12 r
  data arrival time                                                  3.12

  clock clk (fall edge)                                   2.00       2.00
  clock network delay (ideal)                             1.00       3.00
  clock uncertainty                                       0.08       3.08
  u_sync_fifo/clk_gate_rd_ptr_reg_0/main_gate/B (AND2X1)     0.00     3.08 f
  clock gating hold time                                  0.10       3.18
  data required time                                                 3.18
  --------------------------------------------------------------------------
  data required time                                                 3.18
  data arrival time                                                 -3.12
  --------------------------------------------------------------------------
  slack (VIOLATED)                                                  -0.06


  Startpoint: u_sync_fifo/clk_gate_wr_ptr_reg_1/latch
              (negative level-sensitive latch clocked by clk)
  Endpoint: u_sync_fifo/clk_gate_wr_ptr_reg_1/main_gate
            (gating element for clock clk)
  Path Group: clk
  Path Type: min

  Des/Clust/Port     Wire Load Model       Library
  ------------------------------------------------
  sha256             ForQA                 slow

  Point                                                   Incr       Path
  --------------------------------------------------------------------------
  clock clk (fall edge)                                   2.00       2.00
  clock network delay (ideal)                             1.00       3.00
  u_sync_fifo/clk_gate_wr_ptr_reg_1/latch/GN (TLATNX1)     0.00      3.00 f
  u_sync_fifo/clk_gate_wr_ptr_reg_1/latch/Q (TLATNX1)     0.12       3.12 r
  u_sync_fifo/clk_gate_wr_ptr_reg_1/main_gate/A (AND2X1)     0.00     3.12 r
  data arrival time                                                  3.12

  clock clk (fall edge)                                   2.00       2.00
  clock network delay (ideal)                             1.00       3.00
  clock uncertainty                                       0.08       3.08
  u_sync_fifo/clk_gate_wr_ptr_reg_1/main_gate/B (AND2X1)     0.00     3.08 f
  clock gating hold time                                  0.10       3.18
  data required time                                                 3.18
  --------------------------------------------------------------------------
  data required time                                                 3.18
  data arrival time                                                 -3.12
  --------------------------------------------------------------------------
  slack (VIOLATED)                                                  -0.06


  Startpoint: u_sha256_axir/clk_gate_cmd1_len_reg/latch
              (negative level-sensitive latch clocked by clk)
  Endpoint: u_sha256_axir/clk_gate_cmd1_len_reg/main_gate
            (gating element for clock clk)
  Path Group: clk
  Path Type: min

  Des/Clust/Port     Wire Load Model       Library
  ------------------------------------------------
  sha256             ForQA                 slow

  Point                                                   Incr       Path
  --------------------------------------------------------------------------
  clock clk (fall edge)                                   2.00       2.00
  clock network delay (ideal)                             1.00       3.00
  u_sha256_axir/clk_gate_cmd1_len_reg/latch/GN (TLATNX1)     0.00     3.00 f
  u_sha256_axir/clk_gate_cmd1_len_reg/latch/Q (TLATNX1)     0.12     3.12 r
  u_sha256_axir/clk_gate_cmd1_len_reg/main_gate/A (AND2X1)     0.00     3.12 r
  data arrival time                                                  3.12

  clock clk (fall edge)                                   2.00       2.00
  clock network delay (ideal)                             1.00       3.00
  clock uncertainty                                       0.08       3.08
  u_sha256_axir/clk_gate_cmd1_len_reg/main_gate/B (AND2X1)     0.00     3.08 f
  clock gating hold time                                  0.10       3.18
  data required time                                                 3.18
  --------------------------------------------------------------------------
  data required time                                                 3.18
  data arrival time                                                 -3.12
  --------------------------------------------------------------------------
  slack (VIOLATED)                                                  -0.06


  Startpoint: u_sha256_cfg/clk_gate_ml_1/latch
              (negative level-sensitive latch clocked by clk)
  Endpoint: u_sha256_cfg/clk_gate_ml_1/main_gate
            (gating element for clock clk)
  Path Group: clk
  Path Type: min

  Des/Clust/Port     Wire Load Model       Library
  ------------------------------------------------
  sha256             ForQA                 slow

  Point                                                   Incr       Path
  --------------------------------------------------------------------------
  clock clk (fall edge)                                   2.00       2.00
  clock network delay (ideal)                             1.00       3.00
  u_sha256_cfg/clk_gate_ml_1/latch/GN (TLATNX1)           0.00       3.00 f
  u_sha256_cfg/clk_gate_ml_1/latch/Q (TLATNX1)            0.12       3.12 r
  u_sha256_cfg/clk_gate_ml_1/main_gate/A (AND2X1)         0.00       3.12 r
  data arrival time                                                  3.12

  clock clk (fall edge)                                   2.00       2.00
  clock network delay (ideal)                             1.00       3.00
  clock uncertainty                                       0.08       3.08
  u_sha256_cfg/clk_gate_ml_1/main_gate/B (AND2X1)         0.00       3.08 f
  clock gating hold time                                  0.10       3.18
  data required time                                                 3.18
  --------------------------------------------------------------------------
  data required time                                                 3.18
  data arrival time                                                 -3.12
  --------------------------------------------------------------------------
  slack (VIOLATED)                                                  -0.06


  Startpoint: u_sha256_cfg/clk_gate_ml_2/latch
              (negative level-sensitive latch clocked by clk)
  Endpoint: u_sha256_cfg/clk_gate_ml_2/main_gate
            (gating element for clock clk)
  Path Group: clk
  Path Type: min

  Des/Clust/Port     Wire Load Model       Library
  ------------------------------------------------
  sha256             ForQA                 slow

  Point                                                   Incr       Path
  --------------------------------------------------------------------------
  clock clk (fall edge)                                   2.00       2.00
  clock network delay (ideal)                             1.00       3.00
  u_sha256_cfg/clk_gate_ml_2/latch/GN (TLATNX1)           0.00       3.00 f
  u_sha256_cfg/clk_gate_ml_2/latch/Q (TLATNX1)            0.12       3.12 r
  u_sha256_cfg/clk_gate_ml_2/main_gate/A (AND2X1)         0.00       3.12 r
  data arrival time                                                  3.12

  clock clk (fall edge)                                   2.00       2.00
  clock network delay (ideal)                             1.00       3.00
  clock uncertainty                                       0.08       3.08
  u_sha256_cfg/clk_gate_ml_2/main_gate/B (AND2X1)         0.00       3.08 f
  clock gating hold time                                  0.10       3.18
  data required time                                                 3.18
  --------------------------------------------------------------------------
  data required time                                                 3.18
  data arrival time                                                 -3.12
  --------------------------------------------------------------------------
  slack (VIOLATED)                                                  -0.06


  Startpoint: u_sync_fifo/clk_gate_ml_1/latch
              (negative level-sensitive latch clocked by clk)
  Endpoint: u_sync_fifo/clk_gate_ml_1/main_gate
            (gating element for clock clk)
  Path Group: clk
  Path Type: min

  Des/Clust/Port     Wire Load Model       Library
  ------------------------------------------------
  sha256             ForQA                 slow

  Point                                                   Incr       Path
  --------------------------------------------------------------------------
  clock clk (fall edge)                                   2.00       2.00
  clock network delay (ideal)                             1.00       3.00
  u_sync_fifo/clk_gate_ml_1/latch/GN (TLATNX1)            0.00       3.00 f
  u_sync_fifo/clk_gate_ml_1/latch/Q (TLATNX1)             0.12       3.12 r
  u_sync_fifo/clk_gate_ml_1/main_gate/A (AND2X2)          0.00       3.12 r
  data arrival time                                                  3.12

  clock clk (fall edge)                                   2.00       2.00
  clock network delay (ideal)                             1.00       3.00
  clock uncertainty                                       0.08       3.08
  u_sync_fifo/clk_gate_ml_1/main_gate/B (AND2X2)          0.00       3.08 f
  clock gating hold time                                  0.10       3.18
  data required time                                                 3.18
  --------------------------------------------------------------------------
  data required time                                                 3.18
  data arrival time                                                 -3.12
  --------------------------------------------------------------------------
  slack (VIOLATED)                                                  -0.06


  Startpoint: u_sync_fifo/clk_gate_mem_reg[15]_0/latch
              (negative level-sensitive latch clocked by clk)
  Endpoint: u_sync_fifo/clk_gate_mem_reg[15]_0/main_gate
            (gating element for clock clk)
  Path Group: clk
  Path Type: min

  Des/Clust/Port     Wire Load Model       Library
  ------------------------------------------------
  sha256             ForQA                 slow

  Point                                                   Incr       Path
  --------------------------------------------------------------------------
  clock clk (fall edge)                                   2.00       2.00
  clock network delay (ideal)                             1.00       3.00
  u_sync_fifo/clk_gate_mem_reg[15]_0/latch/GN (TLATNX1)     0.00     3.00 f
  u_sync_fifo/clk_gate_mem_reg[15]_0/latch/Q (TLATNX1)     0.12      3.12 r
  u_sync_fifo/clk_gate_mem_reg[15]_0/main_gate/A (AND2X2)     0.00     3.12 r
  data arrival time                                                  3.12

  clock clk (fall edge)                                   2.00       2.00
  clock network delay (ideal)                             1.00       3.00
  clock uncertainty                                       0.08       3.08
  u_sync_fifo/clk_gate_mem_reg[15]_0/main_gate/B (AND2X2)     0.00     3.08 f
  clock gating hold time                                  0.10       3.18
  data required time                                                 3.18
  --------------------------------------------------------------------------
  data required time                                                 3.18
  data arrival time                                                 -3.12
  --------------------------------------------------------------------------
  slack (VIOLATED)                                                  -0.06


  Startpoint: u_sync_fifo/clk_gate_mem_reg[14]_0/latch
              (negative level-sensitive latch clocked by clk)
  Endpoint: u_sync_fifo/clk_gate_mem_reg[14]_0/main_gate
            (gating element for clock clk)
  Path Group: clk
  Path Type: min

  Des/Clust/Port     Wire Load Model       Library
  ------------------------------------------------
  sha256             ForQA                 slow

  Point                                                   Incr       Path
  --------------------------------------------------------------------------
  clock clk (fall edge)                                   2.00       2.00
  clock network delay (ideal)                             1.00       3.00
  u_sync_fifo/clk_gate_mem_reg[14]_0/latch/GN (TLATNX1)     0.00     3.00 f
  u_sync_fifo/clk_gate_mem_reg[14]_0/latch/Q (TLATNX1)     0.12      3.12 r
  u_sync_fifo/clk_gate_mem_reg[14]_0/main_gate/A (AND2X2)     0.00     3.12 r
  data arrival time                                                  3.12

  clock clk (fall edge)                                   2.00       2.00
  clock network delay (ideal)                             1.00       3.00
  clock uncertainty                                       0.08       3.08
  u_sync_fifo/clk_gate_mem_reg[14]_0/main_gate/B (AND2X2)     0.00     3.08 f
  clock gating hold time                                  0.10       3.18
  data required time                                                 3.18
  --------------------------------------------------------------------------
  data required time                                                 3.18
  data arrival time                                                 -3.12
  --------------------------------------------------------------------------
  slack (VIOLATED)                                                  -0.06


  Startpoint: u_sync_fifo/clk_gate_mem_reg[13]_0/latch
              (negative level-sensitive latch clocked by clk)
  Endpoint: u_sync_fifo/clk_gate_mem_reg[13]_0/main_gate
            (gating element for clock clk)
  Path Group: clk
  Path Type: min

  Des/Clust/Port     Wire Load Model       Library
  ------------------------------------------------
  sha256             ForQA                 slow

  Point                                                   Incr       Path
  --------------------------------------------------------------------------
  clock clk (fall edge)                                   2.00       2.00
  clock network delay (ideal)                             1.00       3.00
  u_sync_fifo/clk_gate_mem_reg[13]_0/latch/GN (TLATNX1)     0.00     3.00 f
  u_sync_fifo/clk_gate_mem_reg[13]_0/latch/Q (TLATNX1)     0.12      3.12 r
  u_sync_fifo/clk_gate_mem_reg[13]_0/main_gate/A (AND2X2)     0.00     3.12 r
  data arrival time                                                  3.12

  clock clk (fall edge)                                   2.00       2.00
  clock network delay (ideal)                             1.00       3.00
  clock uncertainty                                       0.08       3.08
  u_sync_fifo/clk_gate_mem_reg[13]_0/main_gate/B (AND2X2)     0.00     3.08 f
  clock gating hold time                                  0.10       3.18
  data required time                                                 3.18
  --------------------------------------------------------------------------
  data required time                                                 3.18
  data arrival time                                                 -3.12
  --------------------------------------------------------------------------
  slack (VIOLATED)                                                  -0.06


  Startpoint: u_sync_fifo/clk_gate_mem_reg[12]_0/latch
              (negative level-sensitive latch clocked by clk)
  Endpoint: u_sync_fifo/clk_gate_mem_reg[12]_0/main_gate
            (gating element for clock clk)
  Path Group: clk
  Path Type: min

  Des/Clust/Port     Wire Load Model       Library
  ------------------------------------------------
  sha256             ForQA                 slow

  Point                                                   Incr       Path
  --------------------------------------------------------------------------
  clock clk (fall edge)                                   2.00       2.00
  clock network delay (ideal)                             1.00       3.00
  u_sync_fifo/clk_gate_mem_reg[12]_0/latch/GN (TLATNX1)     0.00     3.00 f
  u_sync_fifo/clk_gate_mem_reg[12]_0/latch/Q (TLATNX1)     0.12      3.12 r
  u_sync_fifo/clk_gate_mem_reg[12]_0/main_gate/A (AND2X2)     0.00     3.12 r
  data arrival time                                                  3.12

  clock clk (fall edge)                                   2.00       2.00
  clock network delay (ideal)                             1.00       3.00
  clock uncertainty                                       0.08       3.08
  u_sync_fifo/clk_gate_mem_reg[12]_0/main_gate/B (AND2X2)     0.00     3.08 f
  clock gating hold time                                  0.10       3.18
  data required time                                                 3.18
  --------------------------------------------------------------------------
  data required time                                                 3.18
  data arrival time                                                 -3.12
  --------------------------------------------------------------------------
  slack (VIOLATED)                                                  -0.06


  Startpoint: u_sync_fifo/clk_gate_mem_reg[11]_0/latch
              (negative level-sensitive latch clocked by clk)
  Endpoint: u_sync_fifo/clk_gate_mem_reg[11]_0/main_gate
            (gating element for clock clk)
  Path Group: clk
  Path Type: min

  Des/Clust/Port     Wire Load Model       Library
  ------------------------------------------------
  sha256             ForQA                 slow

  Point                                                   Incr       Path
  --------------------------------------------------------------------------
  clock clk (fall edge)                                   2.00       2.00
  clock network delay (ideal)                             1.00       3.00
  u_sync_fifo/clk_gate_mem_reg[11]_0/latch/GN (TLATNX1)     0.00     3.00 f
  u_sync_fifo/clk_gate_mem_reg[11]_0/latch/Q (TLATNX1)     0.12      3.12 r
  u_sync_fifo/clk_gate_mem_reg[11]_0/main_gate/A (AND2X2)     0.00     3.12 r
  data arrival time                                                  3.12

  clock clk (fall edge)                                   2.00       2.00
  clock network delay (ideal)                             1.00       3.00
  clock uncertainty                                       0.08       3.08
  u_sync_fifo/clk_gate_mem_reg[11]_0/main_gate/B (AND2X2)     0.00     3.08 f
  clock gating hold time                                  0.10       3.18
  data required time                                                 3.18
  --------------------------------------------------------------------------
  data required time                                                 3.18
  data arrival time                                                 -3.12
  --------------------------------------------------------------------------
  slack (VIOLATED)                                                  -0.06


  Startpoint: u_sync_fifo/clk_gate_mem_reg[10]_0/latch
              (negative level-sensitive latch clocked by clk)
  Endpoint: u_sync_fifo/clk_gate_mem_reg[10]_0/main_gate
            (gating element for clock clk)
  Path Group: clk
  Path Type: min

  Des/Clust/Port     Wire Load Model       Library
  ------------------------------------------------
  sha256             ForQA                 slow

  Point                                                   Incr       Path
  --------------------------------------------------------------------------
  clock clk (fall edge)                                   2.00       2.00
  clock network delay (ideal)                             1.00       3.00
  u_sync_fifo/clk_gate_mem_reg[10]_0/latch/GN (TLATNX1)     0.00     3.00 f
  u_sync_fifo/clk_gate_mem_reg[10]_0/latch/Q (TLATNX1)     0.12      3.12 r
  u_sync_fifo/clk_gate_mem_reg[10]_0/main_gate/A (AND2X2)     0.00     3.12 r
  data arrival time                                                  3.12

  clock clk (fall edge)                                   2.00       2.00
  clock network delay (ideal)                             1.00       3.00
  clock uncertainty                                       0.08       3.08
  u_sync_fifo/clk_gate_mem_reg[10]_0/main_gate/B (AND2X2)     0.00     3.08 f
  clock gating hold time                                  0.10       3.18
  data required time                                                 3.18
  --------------------------------------------------------------------------
  data required time                                                 3.18
  data arrival time                                                 -3.12
  --------------------------------------------------------------------------
  slack (VIOLATED)                                                  -0.06


  Startpoint: u_sync_fifo/clk_gate_mem_reg[9]_0/latch
              (negative level-sensitive latch clocked by clk)
  Endpoint: u_sync_fifo/clk_gate_mem_reg[9]_0/main_gate
            (gating element for clock clk)
  Path Group: clk
  Path Type: min

  Des/Clust/Port     Wire Load Model       Library
  ------------------------------------------------
  sha256             ForQA                 slow

  Point                                                   Incr       Path
  --------------------------------------------------------------------------
  clock clk (fall edge)                                   2.00       2.00
  clock network delay (ideal)                             1.00       3.00
  u_sync_fifo/clk_gate_mem_reg[9]_0/latch/GN (TLATNX1)     0.00      3.00 f
  u_sync_fifo/clk_gate_mem_reg[9]_0/latch/Q (TLATNX1)     0.12       3.12 r
  u_sync_fifo/clk_gate_mem_reg[9]_0/main_gate/A (AND2X2)     0.00     3.12 r
  data arrival time                                                  3.12

  clock clk (fall edge)                                   2.00       2.00
  clock network delay (ideal)                             1.00       3.00
  clock uncertainty                                       0.08       3.08
  u_sync_fifo/clk_gate_mem_reg[9]_0/main_gate/B (AND2X2)     0.00     3.08 f
  clock gating hold time                                  0.10       3.18
  data required time                                                 3.18
  --------------------------------------------------------------------------
  data required time                                                 3.18
  data arrival time                                                 -3.12
  --------------------------------------------------------------------------
  slack (VIOLATED)                                                  -0.06


  Startpoint: u_sync_fifo/clk_gate_mem_reg[8]_0/latch
              (negative level-sensitive latch clocked by clk)
  Endpoint: u_sync_fifo/clk_gate_mem_reg[8]_0/main_gate
            (gating element for clock clk)
  Path Group: clk
  Path Type: min

  Des/Clust/Port     Wire Load Model       Library
  ------------------------------------------------
  sha256             ForQA                 slow

  Point                                                   Incr       Path
  --------------------------------------------------------------------------
  clock clk (fall edge)                                   2.00       2.00
  clock network delay (ideal)                             1.00       3.00
  u_sync_fifo/clk_gate_mem_reg[8]_0/latch/GN (TLATNX1)     0.00      3.00 f
  u_sync_fifo/clk_gate_mem_reg[8]_0/latch/Q (TLATNX1)     0.12       3.12 r
  u_sync_fifo/clk_gate_mem_reg[8]_0/main_gate/A (AND2X2)     0.00     3.12 r
  data arrival time                                                  3.12

  clock clk (fall edge)                                   2.00       2.00
  clock network delay (ideal)                             1.00       3.00
  clock uncertainty                                       0.08       3.08
  u_sync_fifo/clk_gate_mem_reg[8]_0/main_gate/B (AND2X2)     0.00     3.08 f
  clock gating hold time                                  0.10       3.18
  data required time                                                 3.18
  --------------------------------------------------------------------------
  data required time                                                 3.18
  data arrival time                                                 -3.12
  --------------------------------------------------------------------------
  slack (VIOLATED)                                                  -0.06


  Startpoint: u_sync_fifo/clk_gate_ml_2/latch
              (negative level-sensitive latch clocked by clk)
  Endpoint: u_sync_fifo/clk_gate_ml_2/main_gate
            (gating element for clock clk)
  Path Group: clk
  Path Type: min

  Des/Clust/Port     Wire Load Model       Library
  ------------------------------------------------
  sha256             ForQA                 slow

  Point                                                   Incr       Path
  --------------------------------------------------------------------------
  clock clk (fall edge)                                   2.00       2.00
  clock network delay (ideal)                             1.00       3.00
  u_sync_fifo/clk_gate_ml_2/latch/GN (TLATNX1)            0.00       3.00 f
  u_sync_fifo/clk_gate_ml_2/latch/Q (TLATNX1)             0.12       3.12 r
  u_sync_fifo/clk_gate_ml_2/main_gate/A (AND2X2)          0.00       3.12 r
  data arrival time                                                  3.12

  clock clk (fall edge)                                   2.00       2.00
  clock network delay (ideal)                             1.00       3.00
  clock uncertainty                                       0.08       3.08
  u_sync_fifo/clk_gate_ml_2/main_gate/B (AND2X2)          0.00       3.08 f
  clock gating hold time                                  0.10       3.18
  data required time                                                 3.18
  --------------------------------------------------------------------------
  data required time                                                 3.18
  data arrival time                                                 -3.12
  --------------------------------------------------------------------------
  slack (VIOLATED)                                                  -0.06


  Startpoint: u_sync_fifo/clk_gate_mem_reg[7]_0/latch
              (negative level-sensitive latch clocked by clk)
  Endpoint: u_sync_fifo/clk_gate_mem_reg[7]_0/main_gate
            (gating element for clock clk)
  Path Group: clk
  Path Type: min

  Des/Clust/Port     Wire Load Model       Library
  ------------------------------------------------
  sha256             ForQA                 slow

  Point                                                   Incr       Path
  --------------------------------------------------------------------------
  clock clk (fall edge)                                   2.00       2.00
  clock network delay (ideal)                             1.00       3.00
  u_sync_fifo/clk_gate_mem_reg[7]_0/latch/GN (TLATNX1)     0.00      3.00 f
  u_sync_fifo/clk_gate_mem_reg[7]_0/latch/Q (TLATNX1)     0.12       3.12 r
  u_sync_fifo/clk_gate_mem_reg[7]_0/main_gate/A (AND2X2)     0.00     3.12 r
  data arrival time                                                  3.12

  clock clk (fall edge)                                   2.00       2.00
  clock network delay (ideal)                             1.00       3.00
  clock uncertainty                                       0.08       3.08
  u_sync_fifo/clk_gate_mem_reg[7]_0/main_gate/B (AND2X2)     0.00     3.08 f
  clock gating hold time                                  0.10       3.18
  data required time                                                 3.18
  --------------------------------------------------------------------------
  data required time                                                 3.18
  data arrival time                                                 -3.12
  --------------------------------------------------------------------------
  slack (VIOLATED)                                                  -0.06


  Startpoint: u_sync_fifo/clk_gate_mem_reg[6]_0/latch
              (negative level-sensitive latch clocked by clk)
  Endpoint: u_sync_fifo/clk_gate_mem_reg[6]_0/main_gate
            (gating element for clock clk)
  Path Group: clk
  Path Type: min

  Des/Clust/Port     Wire Load Model       Library
  ------------------------------------------------
  sha256             ForQA                 slow

  Point                                                   Incr       Path
  --------------------------------------------------------------------------
  clock clk (fall edge)                                   2.00       2.00
  clock network delay (ideal)                             1.00       3.00
  u_sync_fifo/clk_gate_mem_reg[6]_0/latch/GN (TLATNX1)     0.00      3.00 f
  u_sync_fifo/clk_gate_mem_reg[6]_0/latch/Q (TLATNX1)     0.12       3.12 r
  u_sync_fifo/clk_gate_mem_reg[6]_0/main_gate/A (AND2X2)     0.00     3.12 r
  data arrival time                                                  3.12

  clock clk (fall edge)                                   2.00       2.00
  clock network delay (ideal)                             1.00       3.00
  clock uncertainty                                       0.08       3.08
  u_sync_fifo/clk_gate_mem_reg[6]_0/main_gate/B (AND2X2)     0.00     3.08 f
  clock gating hold time                                  0.10       3.18
  data required time                                                 3.18
  --------------------------------------------------------------------------
  data required time                                                 3.18
  data arrival time                                                 -3.12
  --------------------------------------------------------------------------
  slack (VIOLATED)                                                  -0.06


  Startpoint: u_sync_fifo/clk_gate_mem_reg[5]_0/latch
              (negative level-sensitive latch clocked by clk)
  Endpoint: u_sync_fifo/clk_gate_mem_reg[5]_0/main_gate
            (gating element for clock clk)
  Path Group: clk
  Path Type: min

  Des/Clust/Port     Wire Load Model       Library
  ------------------------------------------------
  sha256             ForQA                 slow

  Point                                                   Incr       Path
  --------------------------------------------------------------------------
  clock clk (fall edge)                                   2.00       2.00
  clock network delay (ideal)                             1.00       3.00
  u_sync_fifo/clk_gate_mem_reg[5]_0/latch/GN (TLATNX1)     0.00      3.00 f
  u_sync_fifo/clk_gate_mem_reg[5]_0/latch/Q (TLATNX1)     0.12       3.12 r
  u_sync_fifo/clk_gate_mem_reg[5]_0/main_gate/A (AND2X2)     0.00     3.12 r
  data arrival time                                                  3.12

  clock clk (fall edge)                                   2.00       2.00
  clock network delay (ideal)                             1.00       3.00
  clock uncertainty                                       0.08       3.08
  u_sync_fifo/clk_gate_mem_reg[5]_0/main_gate/B (AND2X2)     0.00     3.08 f
  clock gating hold time                                  0.10       3.18
  data required time                                                 3.18
  --------------------------------------------------------------------------
  data required time                                                 3.18
  data arrival time                                                 -3.12
  --------------------------------------------------------------------------
  slack (VIOLATED)                                                  -0.06


  Startpoint: u_sync_fifo/clk_gate_mem_reg[4]_0/latch
              (negative level-sensitive latch clocked by clk)
  Endpoint: u_sync_fifo/clk_gate_mem_reg[4]_0/main_gate
            (gating element for clock clk)
  Path Group: clk
  Path Type: min

  Des/Clust/Port     Wire Load Model       Library
  ------------------------------------------------
  sha256             ForQA                 slow

  Point                                                   Incr       Path
  --------------------------------------------------------------------------
  clock clk (fall edge)                                   2.00       2.00
  clock network delay (ideal)                             1.00       3.00
  u_sync_fifo/clk_gate_mem_reg[4]_0/latch/GN (TLATNX1)     0.00      3.00 f
  u_sync_fifo/clk_gate_mem_reg[4]_0/latch/Q (TLATNX1)     0.12       3.12 r
  u_sync_fifo/clk_gate_mem_reg[4]_0/main_gate/A (AND2X2)     0.00     3.12 r
  data arrival time                                                  3.12

  clock clk (fall edge)                                   2.00       2.00
  clock network delay (ideal)                             1.00       3.00
  clock uncertainty                                       0.08       3.08
  u_sync_fifo/clk_gate_mem_reg[4]_0/main_gate/B (AND2X2)     0.00     3.08 f
  clock gating hold time                                  0.10       3.18
  data required time                                                 3.18
  --------------------------------------------------------------------------
  data required time                                                 3.18
  data arrival time                                                 -3.12
  --------------------------------------------------------------------------
  slack (VIOLATED)                                                  -0.06


  Startpoint: u_sync_fifo/clk_gate_mem_reg[3]_0/latch
              (negative level-sensitive latch clocked by clk)
  Endpoint: u_sync_fifo/clk_gate_mem_reg[3]_0/main_gate
            (gating element for clock clk)
  Path Group: clk
  Path Type: min

  Des/Clust/Port     Wire Load Model       Library
  ------------------------------------------------
  sha256             ForQA                 slow

  Point                                                   Incr       Path
  --------------------------------------------------------------------------
  clock clk (fall edge)                                   2.00       2.00
  clock network delay (ideal)                             1.00       3.00
  u_sync_fifo/clk_gate_mem_reg[3]_0/latch/GN (TLATNX1)     0.00      3.00 f
  u_sync_fifo/clk_gate_mem_reg[3]_0/latch/Q (TLATNX1)     0.12       3.12 r
  u_sync_fifo/clk_gate_mem_reg[3]_0/main_gate/A (AND2X2)     0.00     3.12 r
  data arrival time                                                  3.12

  clock clk (fall edge)                                   2.00       2.00
  clock network delay (ideal)                             1.00       3.00
  clock uncertainty                                       0.08       3.08
  u_sync_fifo/clk_gate_mem_reg[3]_0/main_gate/B (AND2X2)     0.00     3.08 f
  clock gating hold time                                  0.10       3.18
  data required time                                                 3.18
  --------------------------------------------------------------------------
  data required time                                                 3.18
  data arrival time                                                 -3.12
  --------------------------------------------------------------------------
  slack (VIOLATED)                                                  -0.06


  Startpoint: u_sync_fifo/clk_gate_mem_reg[2]_0/latch
              (negative level-sensitive latch clocked by clk)
  Endpoint: u_sync_fifo/clk_gate_mem_reg[2]_0/main_gate
            (gating element for clock clk)
  Path Group: clk
  Path Type: min

  Des/Clust/Port     Wire Load Model       Library
  ------------------------------------------------
  sha256             ForQA                 slow

  Point                                                   Incr       Path
  --------------------------------------------------------------------------
  clock clk (fall edge)                                   2.00       2.00
  clock network delay (ideal)                             1.00       3.00
  u_sync_fifo/clk_gate_mem_reg[2]_0/latch/GN (TLATNX1)     0.00      3.00 f
  u_sync_fifo/clk_gate_mem_reg[2]_0/latch/Q (TLATNX1)     0.12       3.12 r
  u_sync_fifo/clk_gate_mem_reg[2]_0/main_gate/A (AND2X2)     0.00     3.12 r
  data arrival time                                                  3.12

  clock clk (fall edge)                                   2.00       2.00
  clock network delay (ideal)                             1.00       3.00
  clock uncertainty                                       0.08       3.08
  u_sync_fifo/clk_gate_mem_reg[2]_0/main_gate/B (AND2X2)     0.00     3.08 f
  clock gating hold time                                  0.10       3.18
  data required time                                                 3.18
  --------------------------------------------------------------------------
  data required time                                                 3.18
  data arrival time                                                 -3.12
  --------------------------------------------------------------------------
  slack (VIOLATED)                                                  -0.06


  Startpoint: u_sync_fifo/clk_gate_mem_reg[1]_0/latch
              (negative level-sensitive latch clocked by clk)
  Endpoint: u_sync_fifo/clk_gate_mem_reg[1]_0/main_gate
            (gating element for clock clk)
  Path Group: clk
  Path Type: min

  Des/Clust/Port     Wire Load Model       Library
  ------------------------------------------------
  sha256             ForQA                 slow

  Point                                                   Incr       Path
  --------------------------------------------------------------------------
  clock clk (fall edge)                                   2.00       2.00
  clock network delay (ideal)                             1.00       3.00
  u_sync_fifo/clk_gate_mem_reg[1]_0/latch/GN (TLATNX1)     0.00      3.00 f
  u_sync_fifo/clk_gate_mem_reg[1]_0/latch/Q (TLATNX1)     0.12       3.12 r
  u_sync_fifo/clk_gate_mem_reg[1]_0/main_gate/A (AND2X2)     0.00     3.12 r
  data arrival time                                                  3.12

  clock clk (fall edge)                                   2.00       2.00
  clock network delay (ideal)                             1.00       3.00
  clock uncertainty                                       0.08       3.08
  u_sync_fifo/clk_gate_mem_reg[1]_0/main_gate/B (AND2X2)     0.00     3.08 f
  clock gating hold time                                  0.10       3.18
  data required time                                                 3.18
  --------------------------------------------------------------------------
  data required time                                                 3.18
  data arrival time                                                 -3.12
  --------------------------------------------------------------------------
  slack (VIOLATED)                                                  -0.06


  Startpoint: u_sync_fifo/clk_gate_mem_reg[0]_0/latch
              (negative level-sensitive latch clocked by clk)
  Endpoint: u_sync_fifo/clk_gate_mem_reg[0]_0/main_gate
            (gating element for clock clk)
  Path Group: clk
  Path Type: min

  Des/Clust/Port     Wire Load Model       Library
  ------------------------------------------------
  sha256             ForQA                 slow

  Point                                                   Incr       Path
  --------------------------------------------------------------------------
  clock clk (fall edge)                                   2.00       2.00
  clock network delay (ideal)                             1.00       3.00
  u_sync_fifo/clk_gate_mem_reg[0]_0/latch/GN (TLATNX1)     0.00      3.00 f
  u_sync_fifo/clk_gate_mem_reg[0]_0/latch/Q (TLATNX1)     0.12       3.12 r
  u_sync_fifo/clk_gate_mem_reg[0]_0/main_gate/A (AND2X2)     0.00     3.12 r
  data arrival time                                                  3.12

  clock clk (fall edge)                                   2.00       2.00
  clock network delay (ideal)                             1.00       3.00
  clock uncertainty                                       0.08       3.08
  u_sync_fifo/clk_gate_mem_reg[0]_0/main_gate/B (AND2X2)     0.00     3.08 f
  clock gating hold time                                  0.10       3.18
  data required time                                                 3.18
  --------------------------------------------------------------------------
  data required time                                                 3.18
  data arrival time                                                 -3.12
  --------------------------------------------------------------------------
  slack (VIOLATED)                                                  -0.06


  Startpoint: u_sha256_axir/clk_gate_blk_len_reg/latch
              (negative level-sensitive latch clocked by clk)
  Endpoint: u_sha256_axir/clk_gate_blk_len_reg/main_gate
            (gating element for clock clk)
  Path Group: clk
  Path Type: min

  Des/Clust/Port     Wire Load Model       Library
  ------------------------------------------------
  sha256             ForQA                 slow

  Point                                                   Incr       Path
  --------------------------------------------------------------------------
  clock clk (fall edge)                                   2.00       2.00
  clock network delay (ideal)                             1.00       3.00
  u_sha256_axir/clk_gate_blk_len_reg/latch/GN (TLATNX1)     0.00     3.00 f
  u_sha256_axir/clk_gate_blk_len_reg/latch/Q (TLATNX1)     0.12      3.12 r
  u_sha256_axir/clk_gate_blk_len_reg/main_gate/A (AND2X2)     0.00     3.12 r
  data arrival time                                                  3.12

  clock clk (fall edge)                                   2.00       2.00
  clock network delay (ideal)                             1.00       3.00
  clock uncertainty                                       0.08       3.08
  u_sha256_axir/clk_gate_blk_len_reg/main_gate/B (AND2X2)     0.00     3.08 f
  clock gating hold time                                  0.10       3.18
  data required time                                                 3.18
  --------------------------------------------------------------------------
  data required time                                                 3.18
  data arrival time                                                 -3.12
  --------------------------------------------------------------------------
  slack (VIOLATED)                                                  -0.06


  Startpoint: u_sha256_core/clk_gate_w_mem_reg[15]/latch
              (negative level-sensitive latch clocked by clk)
  Endpoint: u_sha256_core/clk_gate_w_mem_reg[15]/main_gate
            (gating element for clock clk)
  Path Group: clk
  Path Type: min

  Des/Clust/Port     Wire Load Model       Library
  ------------------------------------------------
  sha256             ForQA                 slow

  Point                                                   Incr       Path
  --------------------------------------------------------------------------
  clock clk (fall edge)                                   2.00       2.00
  clock network delay (ideal)                             1.00       3.00
  u_sha256_core/clk_gate_w_mem_reg[15]/latch/GN (TLATNX1)     0.00     3.00 f
  u_sha256_core/clk_gate_w_mem_reg[15]/latch/Q (TLATNX1)     0.12     3.12 r
  u_sha256_core/clk_gate_w_mem_reg[15]/main_gate/A (AND2X2)     0.00     3.12 r
  data arrival time                                                  3.12

  clock clk (fall edge)                                   2.00       2.00
  clock network delay (ideal)                             1.00       3.00
  clock uncertainty                                       0.08       3.08
  u_sha256_core/clk_gate_w_mem_reg[15]/main_gate/B (AND2X2)     0.00     3.08 f
  clock gating hold time                                  0.10       3.18
  data required time                                                 3.18
  --------------------------------------------------------------------------
  data required time                                                 3.18
  data arrival time                                                 -3.12
  --------------------------------------------------------------------------
  slack (VIOLATED)                                                  -0.06


  Startpoint: u_sha256_core/u_loop/clk_gate_h6_reg/latch
              (negative level-sensitive latch clocked by clk)
  Endpoint: u_sha256_core/u_loop/clk_gate_h6_reg/main_gate
            (gating element for clock clk)
  Path Group: clk
  Path Type: min

  Des/Clust/Port     Wire Load Model       Library
  ------------------------------------------------
  sha256             ForQA                 slow

  Point                                                   Incr       Path
  --------------------------------------------------------------------------
  clock clk (fall edge)                                   2.00       2.00
  clock network delay (ideal)                             1.00       3.00
  u_sha256_core/u_loop/clk_gate_h6_reg/latch/GN (TLATNX1)     0.00     3.00 f
  u_sha256_core/u_loop/clk_gate_h6_reg/latch/Q (TLATNX1)     0.12     3.12 r
  u_sha256_core/u_loop/clk_gate_h6_reg/main_gate/A (AND2X2)     0.00     3.12 r
  data arrival time                                                  3.12

  clock clk (fall edge)                                   2.00       2.00
  clock network delay (ideal)                             1.00       3.00
  clock uncertainty                                       0.08       3.08
  u_sha256_core/u_loop/clk_gate_h6_reg/main_gate/B (AND2X2)     0.00     3.08 f
  clock gating hold time                                  0.10       3.18
  data required time                                                 3.18
  --------------------------------------------------------------------------
  data required time                                                 3.18
  data arrival time                                                 -3.12
  --------------------------------------------------------------------------
  slack (VIOLATED)                                                  -0.06


  Startpoint: u_sha256_core/u_loop/clk_gate_d_reg/latch
              (negative level-sensitive latch clocked by clk)
  Endpoint: u_sha256_core/u_loop/clk_gate_d_reg/main_gate
            (gating element for clock clk)
  Path Group: clk
  Path Type: min

  Des/Clust/Port     Wire Load Model       Library
  ------------------------------------------------
  sha256             ForQA                 slow

  Point                                                   Incr       Path
  --------------------------------------------------------------------------
  clock clk (fall edge)                                   2.00       2.00
  clock network delay (ideal)                             1.00       3.00
  u_sha256_core/u_loop/clk_gate_d_reg/latch/GN (TLATNX1)     0.00     3.00 f
  u_sha256_core/u_loop/clk_gate_d_reg/latch/Q (TLATNX1)     0.12     3.12 r
  u_sha256_core/u_loop/clk_gate_d_reg/main_gate/A (AND2X2)     0.00     3.12 r
  data arrival time                                                  3.12

  clock clk (fall edge)                                   2.00       2.00
  clock network delay (ideal)                             1.00       3.00
  clock uncertainty                                       0.08       3.08
  u_sha256_core/u_loop/clk_gate_d_reg/main_gate/B (AND2X2)     0.00     3.08 f
  clock gating hold time                                  0.10       3.18
  data required time                                                 3.18
  --------------------------------------------------------------------------
  data required time                                                 3.18
  data arrival time                                                 -3.12
  --------------------------------------------------------------------------
  slack (VIOLATED)                                                  -0.06


  Startpoint: u_sha256_cfg/clk_gate_cfg_blk_base_reg_1/latch
              (negative level-sensitive latch clocked by clk)
  Endpoint: u_sha256_cfg/clk_gate_cfg_blk_base_reg_1/main_gate
            (gating element for clock clk)
  Path Group: clk
  Path Type: min

  Des/Clust/Port     Wire Load Model       Library
  ------------------------------------------------
  sha256             ForQA                 slow

  Point                                                   Incr       Path
  --------------------------------------------------------------------------
  clock clk (fall edge)                                   2.00       2.00
  clock network delay (ideal)                             1.00       3.00
  u_sha256_cfg/clk_gate_cfg_blk_base_reg_1/latch/GN (TLATNX1)     0.00     3.00 f
  u_sha256_cfg/clk_gate_cfg_blk_base_reg_1/latch/Q (TLATNX1)     0.12     3.12 r
  u_sha256_cfg/clk_gate_cfg_blk_base_reg_1/main_gate/A (AND2X2)     0.00     3.12 r
  data arrival time                                                  3.12

  clock clk (fall edge)                                   2.00       2.00
  clock network delay (ideal)                             1.00       3.00
  clock uncertainty                                       0.08       3.08
  u_sha256_cfg/clk_gate_cfg_blk_base_reg_1/main_gate/B (AND2X2)     0.00     3.08 f
  clock gating hold time                                  0.10       3.18
  data required time                                                 3.18
  --------------------------------------------------------------------------
  data required time                                                 3.18
  data arrival time                                                 -3.12
  --------------------------------------------------------------------------
  slack (VIOLATED)                                                  -0.06


  Startpoint: u_sha256_cfg/clk_gate_cfg_blk_len_reg_1/latch
              (negative level-sensitive latch clocked by clk)
  Endpoint: u_sha256_cfg/clk_gate_cfg_blk_len_reg_1/main_gate
            (gating element for clock clk)
  Path Group: clk
  Path Type: min

  Des/Clust/Port     Wire Load Model       Library
  ------------------------------------------------
  sha256             ForQA                 slow

  Point                                                   Incr       Path
  --------------------------------------------------------------------------
  clock clk (fall edge)                                   2.00       2.00
  clock network delay (ideal)                             1.00       3.00
  u_sha256_cfg/clk_gate_cfg_blk_len_reg_1/latch/GN (TLATNX1)     0.00     3.00 f
  u_sha256_cfg/clk_gate_cfg_blk_len_reg_1/latch/Q (TLATNX1)     0.12     3.12 r
  u_sha256_cfg/clk_gate_cfg_blk_len_reg_1/main_gate/A (AND2X2)     0.00     3.12 r
  data arrival time                                                  3.12

  clock clk (fall edge)                                   2.00       2.00
  clock network delay (ideal)                             1.00       3.00
  clock uncertainty                                       0.08       3.08
  u_sha256_cfg/clk_gate_cfg_blk_len_reg_1/main_gate/B (AND2X2)     0.00     3.08 f
  clock gating hold time                                  0.10       3.18
  data required time                                                 3.18
  --------------------------------------------------------------------------
  data required time                                                 3.18
  data arrival time                                                 -3.12
  --------------------------------------------------------------------------
  slack (VIOLATED)                                                  -0.06


  Startpoint: u_sha256_cfg/clk_gate_prdata_reg_1/latch
              (negative level-sensitive latch clocked by clk)
  Endpoint: u_sha256_cfg/clk_gate_prdata_reg_1/main_gate
            (gating element for clock clk)
  Path Group: clk
  Path Type: min

  Des/Clust/Port     Wire Load Model       Library
  ------------------------------------------------
  sha256             ForQA                 slow

  Point                                                   Incr       Path
  --------------------------------------------------------------------------
  clock clk (fall edge)                                   2.00       2.00
  clock network delay (ideal)                             1.00       3.00
  u_sha256_cfg/clk_gate_prdata_reg_1/latch/GN (TLATNX1)     0.00     3.00 f
  u_sha256_cfg/clk_gate_prdata_reg_1/latch/Q (TLATNX1)     0.12      3.12 r
  u_sha256_cfg/clk_gate_prdata_reg_1/main_gate/A (AND2X2)     0.00     3.12 r
  data arrival time                                                  3.12

  clock clk (fall edge)                                   2.00       2.00
  clock network delay (ideal)                             1.00       3.00
  clock uncertainty                                       0.08       3.08
  u_sha256_cfg/clk_gate_prdata_reg_1/main_gate/B (AND2X2)     0.00     3.08 f
  clock gating hold time                                  0.10       3.18
  data required time                                                 3.18
  --------------------------------------------------------------------------
  data required time                                                 3.18
  data arrival time                                                 -3.12
  --------------------------------------------------------------------------
  slack (VIOLATED)                                                  -0.06


    Design: sha256

    max_area               0.00
  - Current Area       97953.32
  ------------------------------
    Slack              -97953.32  (VIOLATED)


    Design: sha256

    max_leakage_power          0.00
  - Current Leakage Power  82412344.00
  ----------------------------------
    Slack                  -82412344.00  (VIOLATED)


1
