 
****************************************
Report : area
Design : sha256
Version: O-2018.06-SP1
Date   : Fri Sep 15 10:31:25 2023
****************************************

Library(s) Used:

    slow (File: /home/yyx/proj/libs/TSMC_013/synopsys/slow.db)

Number of ports:                         3199
Number of nets:                         10943
Number of cells:                         7709
Number of combinational cells:           5863
Number of sequential cells:              1797
Number of macros/black boxes:               0
Number of buf/inv:                       1195
Number of references:                       8

Combinational area:              48998.845588
Buf/Inv area:                     4963.197521
Noncombinational area:           47284.472435
Macro/Black Box area:                0.000000
Net Interconnect area:            1670.000000

Total cell area:                 96283.318023
Total area:                      97953.318023

Hierarchical area distribution
------------------------------

                                  Global cell area            Local cell area
                                  -------------------  ------------------------------ 
Hierarchical cell                 Absolute    Percent  Combi-      Noncombi-   Black-
                                  Total       Total    national    national    boxes   Design
--------------------------------  ----------  -------  ----------  ----------  ------  --------------------------------------------------------------------------
sha256                            96283.3180    100.0    118.8180      0.0000  0.0000  sha256
u_sha256_axir                      5160.0960      5.4   1310.3928   2172.6721  0.0000  sha256_axir
u_sha256_axir/DP_OP_47J2_123_7638  1614.2274      1.7   1614.2274      0.0000  0.0000  sha256_axir_DP_OP_47J2_123_7638_0
u_sha256_axir/clk_gate_blk_len_reg    32.2506     0.0     15.2766     16.9740  0.0000  SNPS_CLOCK_GATE_HIGH_sha256_axir_2
u_sha256_axir/clk_gate_cmd1_len_reg    30.5532     0.0    13.5792     16.9740  0.0000  SNPS_CLOCK_GATE_HIGH_sha256_axir_1
u_sha256_cfg                       6326.2097      6.6   2469.7170   3695.2397  0.0000  sha256_cfg
u_sha256_cfg/clk_gate_cfg_blk_base_reg_1    32.2506     0.0    15.2766    16.9740 0.0000 SNPS_CLOCK_GATE_HIGH_sync_fifo_FIFO_WIDTH32_FIFO_DEPTH16_FIFO_ADDR_BIT4_41
u_sha256_cfg/clk_gate_cfg_blk_len_reg_1    32.2506     0.0    15.2766    16.9740 0.0000 SNPS_CLOCK_GATE_HIGH_sync_fifo_FIFO_WIDTH32_FIFO_DEPTH16_FIFO_ADDR_BIT4_42
u_sha256_cfg/clk_gate_ml_1           32.2506      0.0     15.2766     16.9740  0.0000  SNPS_CLOCK_GATE_HIGH_sync_fifo_FIFO_WIDTH32_FIFO_DEPTH16_FIFO_ADDR_BIT4_39
u_sha256_cfg/clk_gate_ml_2           32.2506      0.0     15.2766     16.9740  0.0000  SNPS_CLOCK_GATE_HIGH_sync_fifo_FIFO_WIDTH32_FIFO_DEPTH16_FIFO_ADDR_BIT4_40
u_sha256_cfg/clk_gate_prdata_reg_1    32.2506     0.0     15.2766     16.9740  0.0000  SNPS_CLOCK_GATE_HIGH_sync_fifo_FIFO_WIDTH32_FIFO_DEPTH16_FIFO_ADDR_BIT4_43
u_sha256_core                     65894.7658     68.4      3.3948      0.0000  0.0000  sha256_core
u_sha256_core/clk_gate_w_mem_reg[15]    32.2506     0.0    15.2766    16.9740  0.0000  SNPS_CLOCK_GATE_HIGH_sha256_loop_3
u_sha256_core/u_k_lut              3146.9796      3.3   2332.2276    814.7520  0.0000  sha256_k_lut
u_sha256_core/u_loop              44084.8730     45.8   8792.5320  13506.2120  0.0000  sha256_loop
u_sha256_core/u_loop/DP_OP_71J1_122_6292  9962.0407    10.3  9962.0407     0.0000 0.0000 sha256_loop_DP_OP_71J1_122_6292_0
u_sha256_core/u_loop/add_x_10      1469.9484      1.5   1469.9484      0.0000  0.0000  sha256_loop_DW01_add_1
u_sha256_core/u_loop/add_x_11      1469.9484      1.5   1469.9484      0.0000  0.0000  sha256_loop_DW01_add_5
u_sha256_core/u_loop/add_x_12      1469.9484      1.5   1469.9484      0.0000  0.0000  sha256_loop_DW01_add_7
u_sha256_core/u_loop/add_x_5       1469.9484      1.5   1469.9484      0.0000  0.0000  sha256_loop_DW01_add_3
u_sha256_core/u_loop/add_x_6       1469.9484      1.5   1469.9484      0.0000  0.0000  sha256_loop_DW01_add_0
u_sha256_core/u_loop/add_x_7       1469.9484      1.5   1469.9484      0.0000  0.0000  sha256_loop_DW01_add_6
u_sha256_core/u_loop/add_x_8       1469.9484      1.5   1469.9484      0.0000  0.0000  sha256_loop_DW01_add_2
u_sha256_core/u_loop/add_x_9       1469.9484      1.5   1469.9484      0.0000  0.0000  sha256_loop_DW01_add_4
u_sha256_core/u_loop/clk_gate_d_reg    32.2506     0.0    15.2766     16.9740  0.0000  SNPS_CLOCK_GATE_HIGH_sha256_loop_0
u_sha256_core/u_loop/clk_gate_h6_reg    32.2506     0.0    15.2766    16.9740  0.0000  SNPS_CLOCK_GATE_HIGH_sha256_loop_1
u_sha256_core/u_w_reg             18627.2678     19.3   1828.0998  13036.0322  0.0000  sha256_w_reg
u_sha256_core/u_w_reg/DP_OP_7J3_122_6642  3763.1358     3.9  3763.1358     0.0000 0.0000 sha256_w_reg_DP_OP_7J3_122_6642_0
u_sha256_flow_ctl                   577.1160      0.6    385.3098    191.8062  0.0000  sha256_flow_ctl
u_sync_fifo                       18206.3125     18.9   4236.7103  13358.5382  0.0000  sync_fifo_FIFO_WIDTH32_FIFO_DEPTH16_FIFO_ADDR_BIT4
u_sync_fifo/clk_gate_mem_reg[0]_0    30.5532      0.0     13.5792     16.9740  0.0000  SNPS_CLOCK_GATE_HIGH_sync_fifo_FIFO_WIDTH32_FIFO_DEPTH16_FIFO_ADDR_BIT4_38
u_sync_fifo/clk_gate_mem_reg[10]_0    30.5532     0.0     13.5792     16.9740  0.0000  SNPS_CLOCK_GATE_HIGH_sync_fifo_FIFO_WIDTH32_FIFO_DEPTH16_FIFO_ADDR_BIT4_27
u_sync_fifo/clk_gate_mem_reg[11]_0    30.5532     0.0     13.5792     16.9740  0.0000  SNPS_CLOCK_GATE_HIGH_sync_fifo_FIFO_WIDTH32_FIFO_DEPTH16_FIFO_ADDR_BIT4_26
u_sync_fifo/clk_gate_mem_reg[12]_0    30.5532     0.0     13.5792     16.9740  0.0000  SNPS_CLOCK_GATE_HIGH_sync_fifo_FIFO_WIDTH32_FIFO_DEPTH16_FIFO_ADDR_BIT4_25
u_sync_fifo/clk_gate_mem_reg[13]_0    30.5532     0.0     13.5792     16.9740  0.0000  SNPS_CLOCK_GATE_HIGH_sync_fifo_FIFO_WIDTH32_FIFO_DEPTH16_FIFO_ADDR_BIT4_24
u_sync_fifo/clk_gate_mem_reg[14]_0    30.5532     0.0     13.5792     16.9740  0.0000  SNPS_CLOCK_GATE_HIGH_sync_fifo_FIFO_WIDTH32_FIFO_DEPTH16_FIFO_ADDR_BIT4_23
u_sync_fifo/clk_gate_mem_reg[15]_0    30.5532     0.0     13.5792     16.9740  0.0000  SNPS_CLOCK_GATE_HIGH_sync_fifo_FIFO_WIDTH32_FIFO_DEPTH16_FIFO_ADDR_BIT4_22
u_sync_fifo/clk_gate_mem_reg[1]_0    30.5532      0.0     13.5792     16.9740  0.0000  SNPS_CLOCK_GATE_HIGH_sync_fifo_FIFO_WIDTH32_FIFO_DEPTH16_FIFO_ADDR_BIT4_37
u_sync_fifo/clk_gate_mem_reg[2]_0    30.5532      0.0     13.5792     16.9740  0.0000  SNPS_CLOCK_GATE_HIGH_sync_fifo_FIFO_WIDTH32_FIFO_DEPTH16_FIFO_ADDR_BIT4_36
u_sync_fifo/clk_gate_mem_reg[3]_0    30.5532      0.0     13.5792     16.9740  0.0000  SNPS_CLOCK_GATE_HIGH_sync_fifo_FIFO_WIDTH32_FIFO_DEPTH16_FIFO_ADDR_BIT4_35
u_sync_fifo/clk_gate_mem_reg[4]_0    30.5532      0.0     13.5792     16.9740  0.0000  SNPS_CLOCK_GATE_HIGH_sync_fifo_FIFO_WIDTH32_FIFO_DEPTH16_FIFO_ADDR_BIT4_34
u_sync_fifo/clk_gate_mem_reg[5]_0    30.5532      0.0     13.5792     16.9740  0.0000  SNPS_CLOCK_GATE_HIGH_sync_fifo_FIFO_WIDTH32_FIFO_DEPTH16_FIFO_ADDR_BIT4_33
u_sync_fifo/clk_gate_mem_reg[6]_0    30.5532      0.0     13.5792     16.9740  0.0000  SNPS_CLOCK_GATE_HIGH_sync_fifo_FIFO_WIDTH32_FIFO_DEPTH16_FIFO_ADDR_BIT4_32
u_sync_fifo/clk_gate_mem_reg[7]_0    30.5532      0.0     13.5792     16.9740  0.0000  SNPS_CLOCK_GATE_HIGH_sync_fifo_FIFO_WIDTH32_FIFO_DEPTH16_FIFO_ADDR_BIT4_31
u_sync_fifo/clk_gate_mem_reg[8]_0    30.5532      0.0     13.5792     16.9740  0.0000  SNPS_CLOCK_GATE_HIGH_sync_fifo_FIFO_WIDTH32_FIFO_DEPTH16_FIFO_ADDR_BIT4_29
u_sync_fifo/clk_gate_mem_reg[9]_0    30.5532      0.0     13.5792     16.9740  0.0000  SNPS_CLOCK_GATE_HIGH_sync_fifo_FIFO_WIDTH32_FIFO_DEPTH16_FIFO_ADDR_BIT4_28
u_sync_fifo/clk_gate_ml_1            30.5532      0.0     13.5792     16.9740  0.0000  SNPS_CLOCK_GATE_HIGH_sync_fifo_FIFO_WIDTH32_FIFO_DEPTH16_FIFO_ADDR_BIT4_21
u_sync_fifo/clk_gate_ml_2            30.5532      0.0     13.5792     16.9740  0.0000  SNPS_CLOCK_GATE_HIGH_sync_fifo_FIFO_WIDTH32_FIFO_DEPTH16_FIFO_ADDR_BIT4_30
u_sync_fifo/clk_gate_rd_ptr_reg_0    30.5532      0.0     13.5792     16.9740  0.0000  SNPS_CLOCK_GATE_HIGH_sync_fifo_FIFO_WIDTH32_FIFO_DEPTH16_FIFO_ADDR_BIT4_0
u_sync_fifo/clk_gate_wr_ptr_reg_1    30.5532      0.0     13.5792     16.9740  0.0000  SNPS_CLOCK_GATE_HIGH_sync_fifo_FIFO_WIDTH32_FIFO_DEPTH16_FIFO_ADDR_BIT4_20
--------------------------------  ----------  -------  ----------  ----------  ------  --------------------------------------------------------------------------
Total                                                  48998.8456  47284.4724  0.0000

1
