*design* DebussyLib (btIdent 3.3v9)
Command arguments:
    +define+verilog
    -f flist.f
        +incdir+../pattern/
        ../pattern/tb.v
        ../pattern/axi32_slave_model.v
        ../pattern/apb_ms_model.v
        ../rtl/aes_top.v
        ../rtl/aes_cfg.v
        ../rtl/aes_flow_ctrl.v
        ../rtl/aes_axir.v
        ../rtl/aes_axiw.v
        ../rtl/aes_core.v
        ../rtl/aes_sbox_lut.v
        ../rtl/aes_key_mem.v
        ../rtl/aes_encipher_block.v
        ../rtl/aes_decipher_block_fast.v
        ../rtl/aes_inv_sbox_fast.v
        ../rtl/reg_file_wbe_generic.v
    -2001
    -top
    tb

Highest level modules:
tb

Total	0 error(s),   0 warning(s)
