################################################################################
#
# This file has been generated by SpyGlass:
#     Report Created by: yyx
#     Report Created on: Fri Sep 15 10:17:21 2023
#     Working Directory: /media/yyx/B63E46DF3E46986F/new_proj/sha256/spyglass
#     Report Location  : ./sha256/sha256/lint/lint_functional_rtl/spyglass_reports/auto-verify/auto_verify.rpt
#     SpyGlass Version : SpyGlass_vL-2016.06
#     Policy Name      : auto-verify(SpyGlass_vL-2016.06)
#     Comment          : Generated by auto-verify
#
################################################################################


################################################################################
#
# Purpose: 
#   This report contains the functional analysis statistics of a design.
#
# Format: 
#   It contains the following sections :
#   Section A: Run Parameters
#     Lists the parameters specified in the current run
#   Section B: Clock Information
#     Lists the clock information of the design 
#   Section C: Reset Information
#     Lists the reset information of the design 
#   Section D: Set-Case Analysis Settings
#     Lists the set case analysis settings used in the design 
#   Section E: Initial State of the Design
#     Lists the initial-state statistics of the design along with the 
#     reset percentage. The initial state of each register can be seen 
#     in auto_verify.reg file.
#   Section F: Results Summary (Current) 
#     Lists the statistics of the assertions formed for each rule.
#   Section G: Results Summary (Cumulative) 
#     Lists the summary of cumulative set of assertions formed in the current 
#     run and the information of earlier runs in the property file. This section 
#     is printed when you specify a property file using the -propfile 
#     command-line option.
#   Section H: Assertion Details
#     Lists the assertion details.
################################################################################

##########################################################################################################

					Section A: Run Parameters
					-------------------------

				nocheckoverflow          :     yes

##########################################################################################################

					Section B: Clock Information
					----------------------------

(clock): (period); (Clock Source); (rising/falling); (edgeList); (no. of flops on posedge); (no. of flops on negedge)
-----------------------------------------------------------------------------------------------------
sha256.clk: 10.000000; SGDC; Rising; (0.0, 5.0); 1772; 0

Design Cycle: 2(1)

##########################################################################################################


					Section C: Reset Information
					----------------------------

(reset) ; (value)
------------------------
sha256.rstn ; Active Low

##########################################################################################################


					Section E: Initial State of the Design 
					-------------------------------------- 

Total no of sequential elements: 1774
No of '1's: 2
No of '0's: 131
No of 'x's: 1641
RESET PERCENTAGE for root 'sha256'(1774 sequential elements) is '7.50%'

##########################################################################################################


					Section F: Results Summary (Current)  
					------------------------------------ 

----------------------------------------------------------------------------------------------------------------------
RuleName                  Passed         Failed         Partially Proved           Not Analyzed         Others         Total
                                                        (Average Depth) 
----------------------------------------------------------------------------------------------------------------------
Av_width_mismatch_assign     0              1                   0                        0                0              1
----------------------------------------------------------------------------------------------------------------------
Total                        0              1                   0                        0                0              1              
----------------------------------------------------------------------------------------------------------------------

##########################################################################################################


					Section G: Results Summary (Cumulative)  
					---------------------------------------

				 NOT APPLICABLE (AS NO PROPERTY FILE PASSED)

##########################################################################################################


					Section H:  Assertion Details
					-----------------------------


Section:Report Summary of Failed checks
---------------------------------------------------------------------------------

Av_width_mismatch_assign: 1 Failed
---------------------------------------------------------------------------------
1. (Hier:sha256.u_sha256_axir) Width mismatch between expr (blk_len) and expr (nxt_blk_len), ../rtl/sha256_axir.v, 178, (Av_width_mismatch_assign.1.1.vcd) :  FAILED through depth 4(4)
---------------------------------------------------------------------------------

