
################################################################################
#
# This file has been generated by SpyGlass:
#     Report Name      : moresimple_turbo
#     Report Created by: yyx
#     Report Created on: Fri Sep 15 10:17:12 2023
#     Working Directory: /media/yyx/B63E46DF3E46986F/new_proj/sha256/spyglass
#     SpyGlass Version : SpyGlass_vL-2016.06
#     Policy Name      : SpyGlass(SpyGlass_vL-2016.06)
#                        auto-verify(SpyGlass_vL-2016.06)
#                        erc(SpyGlass_vL-2016.06)
#                        latch(SpyGlass_vL-2016.06)
#                        lint(SpyGlass_vL-2016.06)
#                        morelint(SpyGlass_vL-2016.06)
#                        openmore(SpyGlass_vL-2016.06)
#                        simulation(SpyGlass_vL-2016.06)
#                        starc(SpyGlass_vL-2016.06)
#                        starc2005(SpyGlass_vL-2016.06)
#                        timing(SpyGlass_vL-2016.06)
#
#     Total Number of Generated Primary Messages   :         29
#     Total Number of Generated Secondary Messages :          0
#     Number of Waived Primary Messages            :          0
#     Number of Waived Secondary Messages          :          0
#     Number of Reported Primary Messages          :         29
#     Number of Reported Secondary Messages        :          0
#     Number of Overlimit Messages                 :          0
#
#
################################################################################

++++++++++++++++++++++++++++++++++++++++++++++++++++++++++++++++++++++++++++++++++++++++++++++++++++++++++++++++
MORESIMPLE_TURBO REPORT:


############### BuiltIn -> RuleGroup=Design Read ###############
++++++++++++++++++++++++++++++++++++++++++++++++++++++++++++++++++++++++++++++++++++++++++++++++++++++++++++++++++++++++
ID       ParentID   Rule                             Alias                            Severity    File                                                                              Line    Wt    Message
========================================================================================================================
[A]      N.A        DetectTopDesignUnits             DetectTopDesignUnits             Info        ../rtl/sha256.v                                                                   25      2     Module sha256 is a top level design unit
[0]      N.A        ReportIgnoredOverlappingRules    ReportIgnoredOverlappingRules    Warning     N.A.                                                                              0       10    Rule 'STARC05-2.1.3.1 (verilog)' not run (subset of rule 'Av_width_mismatch_function (mixed)')
[1]      N.A        ReportIgnoredOverlappingRules    ReportIgnoredOverlappingRules    Warning     N.A.                                                                              0       10    Rule 'STARC05-2.10.3.2a (verilog)' not run (subset of rule 'Av_width_mismatch_expr (mixed)')
[2]      N.A        ReportIgnoredOverlappingRules    ReportIgnoredOverlappingRules    Warning     N.A.                                                                              0       10    Rule 'W110 (verilog)' not run (subset of rule 'Av_width_mismatch_port (mixed)')
[3]      N.A        ReportIgnoredOverlappingRules    ReportIgnoredOverlappingRules    Warning     N.A.                                                                              0       10    Rule 'W116 (verilog)' not run (subset of rule 'Av_width_mismatch_expr02 (mixed)')
[4]      N.A        ReportIgnoredOverlappingRules    ReportIgnoredOverlappingRules    Warning     N.A.                                                                              0       10    Rule 'W263 (verilog)' not run (subset of rule 'Av_width_mismatch_case (mixed)')
[5]      N.A        ReportIgnoredOverlappingRules    ReportIgnoredOverlappingRules    Warning     N.A.                                                                              0       10    Rule 'W362 (verilog)' not run (subset of rule 'Av_width_mismatch_expr03 (mixed)')
[6]      N.A        ReportIgnoredOverlappingRules    ReportIgnoredOverlappingRules    Warning     N.A.                                                                              0       10    Rule 'W467 (verilog)' not run (subset of rule 'Av_dontcare_mismatch (mixed)')
[7]      N.A        ReportIgnoredOverlappingRules    ReportIgnoredOverlappingRules    Warning     N.A.                                                                              0       10    Rule 'W71 (verilog)' not run (subset of rule 'Av_case_default_missing (mixed)')
[9]      N.A        ElabSummary                      ElabSummary                      Info        ./sha256/sha256/lint/lint_turbo_rtl/spyglass_reports/SpyGlass/elab_summary.rpt    0       2     Please refer file './sha256/sha256/lint/lint_turbo_rtl/spyglass_reports/SpyGlass/elab_summary.rpt' for elab summary report
[8]      N.A        TurboModeStatus                  TurboModeStatus                  Info        N.A.                                                                              0       10    Turbo-Mode is enabled in the current run as turbo_struct license feature successfully checked out
+++++++++++++++++++++++++++++++++++++++++++++++++++++++++++++++++++++++++++++++++++++++++++++++++++++++++++++++++++++++


############### Non-BuiltIn -> Goal=lint/lint_turbo_rtl ###############
++++++++++++++++++++++++++++++++++++++++++++++++++++++++++++++++++++++++++++++++++++++++++++++++++++++++++++++++++++++++
ID       ParentID   Rule                        Alias                Severity    File                                                                               Line    Wt    Message
========================================================================================================================
[5F]     N.A        Av_width_mismatch_assign                         Warning     ../rtl/sha256_axir.v                                                               178     10    LHS: 'blk_len' width 32 is less than RHS: 'nxt_blk_len' width 33 in assignment [Hierarchy: 'sha256.u_sha256_axir']
[F]      N.A        STARC05-2.11.3.1            SepStateNextLogic    Warning     ../rtl/sha256_axir.v                                                               136     10    Combinational and sequential parts of an FSM described in same always block
[12]     N.A        STARC05-2.11.3.1            SepStateNextLogic    Warning     ../rtl/sha256_flow_ctl.v                                                           78      10    Combinational and sequential parts of an FSM described in same always block
[16]     N.A        W240                                             Warning     ../rtl/sha256_axir.v                                                               87      10    Input 'rid[3:0]' declared but not read.[Hierarchy: ':sha256:u_sha256_axir@sha256_axir']
[18]     N.A        W240                                             Warning     ../rtl/sha256_axir.v                                                               89      10    Input 'rresp[1:0]' declared but not read.[Hierarchy: ':sha256:u_sha256_axir@sha256_axir']
[11]     N.A        W240                                             Warning     ../rtl/sha256_axir.v                                                               90      10    Input 'rlast' declared but not read.[Hierarchy: ':sha256:u_sha256_axir@sha256_axir']
[13]     N.A        W240                                             Warning     ../rtl/sha256_flow_ctl.v                                                           52      10    Input 'axi_bulk_end' declared but not read.[Hierarchy: ':sha256:u_sha256_flow_ctl@sha256_flow_ctl']
[14]     N.A        W240                                             Warning     ../rtl/sha256_k_lut.v                                                              35      10    Input 'rstn' declared but not read.[Hierarchy: ':sha256:u_sha256_core@sha256_core:u_k_lut@sha256_k_lut']
[15]     N.A        W240                                             Warning     ../rtl/sha256_w_reg.v                                                              38      10    Input 'rstn' declared but not read.[Hierarchy: ':sha256:u_sha256_core@sha256_core:u_w_reg@sha256_w_reg']
[1A]     N.A        W240                                             Warning     ../rtl/sha256_w_reg.v                                                              41      10    Input 'msg_dcnt[3:0]' declared but not read.[Hierarchy: ':sha256:u_sha256_core@sha256_core:u_w_reg@sha256_w_reg']
[1C]     N.A        W240                                             Warning     ../rtl/sha256_w_reg.v                                                              43      10    Input 'loop_cnt[5:0]' declared but not read.[Hierarchy: ':sha256:u_sha256_core@sha256_core:u_w_reg@sha256_w_reg']
[B]      N.A        W287b                                            Warning     ../rtl/sha256.v                                                                    183     5     Instance output port 'fifo_ful' is not connected
[D]      N.A        W528                                             Warning     ../rtl/sha256.v                                                                    152     10    Variable 'ibuf_waddr[3:0]' set but not read.[Hierarchy: ':sha256']
[60]     N.A        Av_Info_Case_Analysis       showSimVal           Info        ../rtl/sha256.v                                                                    25      10    Information for set_case_analysis value propagation for design 'sha256' is displayed
[5E]     N.A        Av_initstate01              ResetState           Info        ../rtl/sha256.v                                                                    25      10    7 percent of sequential outputs are initialized with sets/resets and 0 percent sequential outputs are initialized by data path. Refer file: './sha256/sha256/lint/lint_turbo_rtl/spyglass_reports/auto-verify/auto_verify.reg' for details
[61]     N.A        Av_report01                 PropStatistics       Info        ../rtl/sha256.v                                                                    25      10    Implicit: '1' implicit properties analyzed, '1' failed, '0' passed, '0' partially proved, '0' not analyzed, '0' others for top design unit 'sha256'. Refer file: './sha256/sha256/lint/lint_turbo_rtl/spyglass_reports/auto-verify/auto_verify.rpt' for details
[10]     N.A        W240                                             Info        ./sha256/sha256/lint/lint_turbo_rtl/spyglass_reports/lint/SignalUsageReport.rpt    0       10    Please refer to 'SignalUsageReport.rpt' for details of violating bits
[C]      N.A        W528                                             Info        ./sha256/sha256/lint/lint_turbo_rtl/spyglass_reports/lint/SignalUsageReport.rpt    0       10    Please refer to 'SignalUsageReport.rpt' for details of violating bits
+++++++++++++++++++++++++++++++++++++++++++++++++++++++++++++++++++++++++++++++++++++++++++++++++++++++++++++++++++++++
