
################################################################################
#
# This file has been generated by SpyGlass:
#     Report Name      : no_msg_reporting_rules
#     Report Created by: yyx
#     Report Created on:  Fri Sep 15 10:17:12 2023
#     Working Directory: /media/yyx/B63E46DF3E46986F/new_proj/sha256/spyglass
#     SpyGlass Version : SpyGlass_vL-2016.06
#     Policy Name      : SpyGlass(SpyGlass_vL-2016.06)
#                        auto-verify(SpyGlass_vL-2016.06)
#                        erc(SpyGlass_vL-2016.06)
#                        latch(SpyGlass_vL-2016.06)
#                        lint(SpyGlass_vL-2016.06)
#                        morelint(SpyGlass_vL-2016.06)
#                        openmore(SpyGlass_vL-2016.06)
#                        simulation(SpyGlass_vL-2016.06)
#                        starc(SpyGlass_vL-2016.06)
#                        starc2005(SpyGlass_vL-2016.06)
#                        timing(SpyGlass_vL-2016.06)
#
#     Total Number of Generated Messages :         29
#     Number of Waived Messages          :          0
#     Number of Reported Messages        :         29
#     Number of Overlimit Messages       :          0
#
#
################################################################################

NO VIOLATION RULE REPORT :
++++++++++++++++++++++++++++++++++++++++++++++++++++++++++++++++++++++++++++++++

Following rules did not produce any violation or waived off during spyglass run

++++++++++++++++++++++++++++++++++++++++++++++++++++++++++++++++++++++++++++++++


================================================================================
	INDEX                                   RULE-NAME
================================================================================
	1                                  Av_case_default_missing
	2                                  Av_dontcare_mismatch
	3                                  Av_signed_unsigned_mismatch
	4                                  Av_width_mismatch_case
	5                                  Av_width_mismatch_expr
	6                                  Av_width_mismatch_expr02
	7                                  Av_width_mismatch_expr03
	8                                  Av_width_mismatch_function
	9                                  Av_width_mismatch_port
	10                                 BlockHeader
	11                                 BufClock
	12                                 CheckDelayTimescale-ML
	13                                 CombLoop
	14                                 LatchFeedback
	15                                 NoAssignX-ML
	16                                 NoXInCase-ML
	17                                 ParamWidthMismatch-ML
	18                                 STARC05-1.2.1.2
	19                                 STARC05-2.1.4.5
	20                                 STARC05-2.1.5.3
	21                                 STARC05-2.1.6.5
	22                                 STARC05-2.10.1.4a
	23                                 STARC05-2.10.1.4b
	24                                 STARC05-2.10.2.3
	25                                 STARC05-2.2.3.3
	26                                 STARC05-2.3.1.2c
	27                                 STARC05-2.3.1.5b
	28                                 STARC05-2.3.1.6
	29                                 STARC05-2.3.3.1
	30                                 STARC05-2.3.4.1v
	31                                 STARC05-2.4.1.5
	32                                 STARC05-2.5.1.2
	33                                 STARC05-2.5.1.7
	34                                 STARC05-2.5.1.9
	35                                 UndrivenInTerm-ML
	36                                 W110a
	37                                 W116
	38                                 W122
	39                                 W123
	40                                 W156
	41                                 W19
	42                                 W215
	43                                 W216
	44                                 W218
	45                                 W224
	46                                 W287a
	47                                 W289
	48                                 W292
	49                                 W293
	50                                 W317
	51                                 W336
	52                                 W337
	53                                 W339a
	54                                 W352
	55                                 W392
	56                                 W398
	57                                 W414
	58                                 W415
	59                                 W415a
	60                                 W416
	61                                 W421
	62                                 W422
	63                                 W424
	64                                 W426
	65                                 W442a
	66                                 W442b
	67                                 W442c
	68                                 W442f
	69                                 W450L
	70                                 W467
	71                                 W480
	72                                 W481a
	73                                 W481b
	74                                 W486
	75                                 W496a
	76                                 W496b
	77                                 W499
	78                                 W502
	79                                 W505
	80                                 W66
	81                                 W71
	82                                 badimplicitSM1
	83                                 badimplicitSM2
	84                                 badimplicitSM4
	85                                 bothedges
	86                                 mixedsenselist
	87                                 sim_race02
================================================================================
