################################################################################
#
# This file has been generated by SpyGlass:
#     Report Created by: yyx
#     Report Created on: Fri Sep 15 10:17:12 2023
#     Working Directory: /media/yyx/B63E46DF3E46986F/new_proj/sha256/spyglass
#     Report Location  : ./sha256/sha256/lint/lint_turbo_rtl/spyglass_reports/lint/SignalUsageReport.rpt
#     SpyGlass Version : SpyGlass_vL-2016.06
#     Policy Name      : lint(SpyGlass_vL-2016.06)
#     Comment          : SignalUsageReport : It dumps details of violating bits of a signal

#
################################################################################



Module : sha256(Hierarchy :sha256)

W528 : Following Bits of signal 'ibuf_waddr' (File Name: ../rtl/sha256.v Line No.: 152) are set but not used
	[3:0]	


Module : sha256_axir(Hierarchy :sha256:u_sha256_axir@sha256_axir)

W240 : Following Bits of signal 'rid' (File Name: ../rtl/sha256_axir.v Line No.: 87) are not read
	[3:0]	

W240 : Following Bits of signal 'rresp' (File Name: ../rtl/sha256_axir.v Line No.: 89) are not read
	[1:0]	


Module : sha256_w_reg(Hierarchy :sha256:u_sha256_core@sha256_core:u_w_reg@sha256_w_reg)

W240 : Following Bits of signal 'loop_cnt' (File Name: ../rtl/sha256_w_reg.v Line No.: 43) are not read
	[5:0]	

W240 : Following Bits of signal 'msg_dcnt' (File Name: ../rtl/sha256_w_reg.v Line No.: 41) are not read
	[3:0]	

W123 (Verilog) : There are no violations of the rule for multibit variables
