
################################################################################
#
# This file has been generated by SpyGlass:
#     Report Name      : moresimple
#     Report Created by: yyx
#     Report Created on:  Fri Sep 15 10:17:40 2023
#     Working Directory: /media/yyx/B63E46DF3E46986F/new_proj/sha256/spyglass
#     SpyGlass Version : SpyGlass_vL-2016.06
#     Policy Name      : SpyGlass(SpyGlass_vL-2016.06)
#                        auto-verify(SpyGlass_vL-2016.06)
#
#     Total Number of Generated Messages :          8
#     Number of Waived Messages          :          0
#     Number of Reported Messages        :          8
#     Number of Overlimit Messages       :          0
#
#
################################################################################

+++++++++++++++++++++++++++++++++++++++++++++++++++++++++++++++++++++++
MORESIMPLE REPORT:


############### BuiltIn -> RuleGroup=Design Read ###############
+++++++++++++++++++++++++++++++++++++++++++++++++++++++++++++++++++++++++++++++++++++++
ID       Rule                    Alias                   Severity    File                                                                                   Line    Wt    Message
======================================================================================
[1]      DetectTopDesignUnits    DetectTopDesignUnits    Info        ../rtl/sha256.v                                                                        25      2     Module sha256 is a top level design unit
[0]      ElabSummary             ElabSummary             Info        ./sha256/sha256/adv_lint/adv_lint_struct/spyglass_reports/SpyGlass/elab_summary.rpt    0       2     Please refer file './sha256/sha256/adv_lint/adv_lint_struct/spyglass_reports/SpyGlass/elab_summary.rpt' for elab summary report
+++++++++++++++++++++++++++++++++++++++++++++++++++++++++++++++++++++++++++++++++++++++


############### Non-BuiltIn -> Goal=adv_lint/adv_lint_struct ###############
+++++++++++++++++++++++++++++++++++++++++++++++++++++++++++++++++++++++++++++++++++++++
ID       Rule                     Alias             Severity    File                        Line    Wt    Message
======================================================================================
[3C]     Av_Info_Case_Analysis    showSimVal        Info        ../rtl/sha256.v             25      10    Information for set_case_analysis value propagation for design 'sha256' is displayed
[3B]     Av_complexity01                            Info        ../rtl/sha256.v             25      10    Design sha256 has 9 modules, 2 FSMs, with 22 average cyclomatic complexity, and 66 max cyclomatic complexity for module sha256_k_lut
[37]     Av_fsminf01              FsmInfo           Info        ../rtl/sha256_axir.v        136     10    FSM 'sha256.u_sha256_axir.sta' has '4' states and '7' transitions. Encoding used is 'MINIMUMENCODED'.Refer file: './sha256/sha256/adv_lint/adv_lint_struct/spyglass_reports/auto-verify/Fsm.Info' for details
[38]     Av_fsminf01              FsmInfo           Info        ../rtl/sha256_flow_ctl.v    78      10    FSM 'sha256.u_sha256_flow_ctl.sta' has '2' states and '2' transitions. Encoding used is 'MINIMUMENCODED'.Refer file: './sha256/sha256/adv_lint/adv_lint_struct/spyglass_reports/auto-verify/Fsm.Info' for details
[36]     Av_initstate01           ResetState        Info        ../rtl/sha256.v             25      10    7 percent of sequential outputs are initialized with sets/resets and 0 percent sequential outputs are initialized by data path. Refer file: './sha256/sha256/adv_lint/adv_lint_struct/spyglass_reports/auto-verify/auto_verify.reg' for details
[3D]     Av_report01              PropStatistics    Info        ../rtl/sha256.v             25      10    Functional analysis not done in audit mode. Design has '170' properties, '170' implicit properties, '0' OVL properties, '0' PSL properties and '0' functional constraints for top design unit 'sha256'. Refer file: './sha256/sha256/adv_lint/adv_lint_struct/spyglass_reports/auto-verify/auto_verify.rpt' for details
+++++++++++++++++++++++++++++++++++++++++++++++++++++++++++++++++++++++++++++++++++++++
