################################################################################
#
# This file has been generated by SpyGlass:
#     Report Created by: yyx
#     Report Created on: Fri Sep 15 10:17:41 2023
#     Working Directory: /media/yyx/B63E46DF3E46986F/new_proj/sha256/spyglass
#     Report Location  : ./sha256/sha256/adv_lint/adv_lint_struct/spyglass_reports/auto-verify/auto_verify.rpt
#     SpyGlass Version : SpyGlass_vL-2016.06
#     Policy Name      : auto-verify(SpyGlass_vL-2016.06)
#     Comment          : Generated by auto-verify
#
################################################################################


################################################################################
#
# Purpose: 
#   This report contains the functional analysis statistics of a design.
#
# Format: 
#   It contains the following sections :
#   Section A: Run Parameters
#     Lists the parameters specified in the current run
#   Section B: Clock Information
#     Lists the clock information of the design 
#   Section C: Reset Information
#     Lists the reset information of the design 
#   Section D: Set-Case Analysis Settings
#     Lists the set case analysis settings used in the design 
#   Section E: Initial State of the Design
#     Lists the initial-state statistics of the design along with the 
#     reset percentage. The initial state of each register can be seen 
#     in auto_verify.reg file.
#   Section F: Results Summary (Current) 
#     Lists the statistics of the assertions formed for each rule.
#   Section G: Results Summary (Cumulative) 
#     Lists the summary of cumulative set of assertions formed in the current 
#     run and the information of earlier runs in the property file. This section 
#     is printed when you specify a property file using the -propfile 
#     command-line option.
#   Section H: Assertion Details
#     Lists the assertion details.
################################################################################

##########################################################################################################

					Section A: Run Parameters
					-------------------------

				audit                    :     yes

##########################################################################################################

					Section B: Clock Information
					----------------------------

(clock): (period); (Clock Source); (rising/falling); (edgeList); (no. of flops on posedge); (no. of flops on negedge)
-----------------------------------------------------------------------------------------------------
sha256.clk: 10.000000; SGDC; Rising; (0.0, 5.0); 1772; 0

Design Cycle: 2(1)

##########################################################################################################


					Section C: Reset Information
					----------------------------

(reset) ; (value)
------------------------
sha256.rstn ; Active Low

##########################################################################################################


					Section E: Initial State of the Design 
					-------------------------------------- 

Total no of sequential elements: 1774
No of '1's: 2
No of '0's: 131
No of 'x's: 1641
RESET PERCENTAGE for root 'sha256'(1774 sequential elements) is '7.50%'

##########################################################################################################


					Section F: Results Summary (Current)  
					------------------------------------ 

----------------------------------------------------------------------------------------------------------------------
RuleName                  Passed         Failed         Partially Proved           Not Analyzed         Others         Total
                                                        (Average Depth) 
----------------------------------------------------------------------------------------------------------------------
Av_fsm_analysis              0              0                   0                        9                0              9
Av_deadcode01                0              0                   0                        159              0              159
Av_range01                   0              0                   0                        2                0              2
----------------------------------------------------------------------------------------------------------------------
Total                        0              0                   0                        170              0              170            
----------------------------------------------------------------------------------------------------------------------

##########################################################################################################


					Section G: Results Summary (Cumulative)  
					---------------------------------------

				 NOT APPLICABLE (AS NO PROPERTY FILE PASSED)

##########################################################################################################


					Section H:  Assertion Details
					-----------------------------


Section:Report Summary of Not Analyzed checks
---------------------------------------------------------------------------------

Av_fsm_analysis: 9 Not Analyzed
---------------------------------------------------------------------------------
1. (Hier:sha256.u_sha256_axir) sta (s_cmd0 => s_idle), ../rtl/sha256_axir.v, 151, :  Not-Analyzed 
2. (Hier:sha256.u_sha256_axir) sta (s_cmd1 => s_idle), ../rtl/sha256_axir.v, 162, :  Not-Analyzed 
3. (Hier:sha256.u_sha256_axir) sta (s_idle => s_judge), ../rtl/sha256_axir.v, 139, :  Not-Analyzed 
4. (Hier:sha256.u_sha256_axir) sta (s_cmd0 => s_judge), ../rtl/sha256_axir.v, 155, :  Not-Analyzed 
5. (Hier:sha256.u_sha256_axir) sta (s_cmd1 => s_judge), ../rtl/sha256_axir.v, 164, :  Not-Analyzed 
6. (Hier:sha256.u_sha256_axir) sta (s_judge => s_cmd0), ../rtl/sha256_axir.v, 144, :  Not-Analyzed 
7. (Hier:sha256.u_sha256_axir) sta (s_cmd0 => s_cmd1), ../rtl/sha256_axir.v, 153, :  Not-Analyzed 
8. (Hier:sha256.u_sha256_flow_ctl) sta (s_cal => s_msg), ../rtl/sha256_flow_ctl.v, 86, :  Not-Analyzed 
9. (Hier:sha256.u_sha256_flow_ctl) sta (s_msg => s_cal), ../rtl/sha256_flow_ctl.v, 81, :  Not-Analyzed 
---------------------------------------------------------------------------------

Av_deadcode01: 159 Not Analyzed
---------------------------------------------------------------------------------
1. (Hier:sha256_loop) , ../rtl/sha256_loop.v, 118, :  Not-Analyzed 
2. (Hier:sha256_loop) , ../rtl/sha256_loop.v, 120, :  Not-Analyzed 
3. (Hier:sha256_loop) , ../rtl/sha256_loop.v, 122, :  Not-Analyzed 
4. (Hier:sha256_loop) , ../rtl/sha256_loop.v, 126, :  Not-Analyzed 
5. (Hier:sha256_loop) , ../rtl/sha256_loop.v, 128, :  Not-Analyzed 
6. (Hier:sha256_loop) , ../rtl/sha256_loop.v, 130, :  Not-Analyzed 
7. (Hier:sha256_loop) , ../rtl/sha256_loop.v, 134, :  Not-Analyzed 
8. (Hier:sha256_loop) , ../rtl/sha256_loop.v, 136, :  Not-Analyzed 
9. (Hier:sha256_loop) , ../rtl/sha256_loop.v, 138, :  Not-Analyzed 
10. (Hier:sha256_loop) , ../rtl/sha256_loop.v, 139, :  Not-Analyzed 
11. (Hier:sha256_loop) , ../rtl/sha256_loop.v, 148, :  Not-Analyzed 
12. (Hier:sha256_loop) , ../rtl/sha256_loop.v, 159, :  Not-Analyzed 
13. (Hier:sha256_loop) , ../rtl/sha256_loop.v, 160, :  Not-Analyzed 
14. (Hier:sha256_loop) , ../rtl/sha256_loop.v, 169, :  Not-Analyzed 
15. (Hier:sha256_loop) , ../rtl/sha256_loop.v, 178, :  Not-Analyzed 
16. (Hier:sha256_w_reg) , ../rtl/sha256_w_reg.v, 67, :  Not-Analyzed 
17. (Hier:sha256_w_reg) , ../rtl/sha256_w_reg.v, 68, :  Not-Analyzed 
18. (Hier:sha256_w_reg) , ../rtl/sha256_w_reg.v, 69, :  Not-Analyzed 
19. (Hier:sha256_w_reg) , ../rtl/sha256_w_reg.v, 71, :  Not-Analyzed 
20. (Hier:sha256_w_reg) , ../rtl/sha256_w_reg.v, 73, :  Not-Analyzed 
21. (Hier:sha256_w_reg) , ../rtl/sha256_w_reg.v, 74, :  Not-Analyzed 
22. (Hier:sha256_k_lut) , ../rtl/sha256_k_lut.v, 42, :  Not-Analyzed 
23. (Hier:sha256_k_lut) , ../rtl/sha256_k_lut.v, 44, :  Not-Analyzed 
24. (Hier:sha256_k_lut) , ../rtl/sha256_k_lut.v, 45, :  Not-Analyzed 
25. (Hier:sha256_k_lut) , ../rtl/sha256_k_lut.v, 46, :  Not-Analyzed 
26. (Hier:sha256_k_lut) , ../rtl/sha256_k_lut.v, 47, :  Not-Analyzed 
27. (Hier:sha256_k_lut) , ../rtl/sha256_k_lut.v, 48, :  Not-Analyzed 
28. (Hier:sha256_k_lut) , ../rtl/sha256_k_lut.v, 49, :  Not-Analyzed 
29. (Hier:sha256_k_lut) , ../rtl/sha256_k_lut.v, 50, :  Not-Analyzed 
30. (Hier:sha256_k_lut) , ../rtl/sha256_k_lut.v, 51, :  Not-Analyzed 
31. (Hier:sha256_k_lut) , ../rtl/sha256_k_lut.v, 52, :  Not-Analyzed 
32. (Hier:sha256_k_lut) , ../rtl/sha256_k_lut.v, 53, :  Not-Analyzed 
33. (Hier:sha256_k_lut) , ../rtl/sha256_k_lut.v, 54, :  Not-Analyzed 
34. (Hier:sha256_k_lut) , ../rtl/sha256_k_lut.v, 55, :  Not-Analyzed 
35. (Hier:sha256_k_lut) , ../rtl/sha256_k_lut.v, 56, :  Not-Analyzed 
36. (Hier:sha256_k_lut) , ../rtl/sha256_k_lut.v, 57, :  Not-Analyzed 
37. (Hier:sha256_k_lut) , ../rtl/sha256_k_lut.v, 58, :  Not-Analyzed 
38. (Hier:sha256_k_lut) , ../rtl/sha256_k_lut.v, 59, :  Not-Analyzed 
39. (Hier:sha256_k_lut) , ../rtl/sha256_k_lut.v, 60, :  Not-Analyzed 
40. (Hier:sha256_k_lut) , ../rtl/sha256_k_lut.v, 61, :  Not-Analyzed 
41. (Hier:sha256_k_lut) , ../rtl/sha256_k_lut.v, 62, :  Not-Analyzed 
42. (Hier:sha256_k_lut) , ../rtl/sha256_k_lut.v, 63, :  Not-Analyzed 
43. (Hier:sha256_k_lut) , ../rtl/sha256_k_lut.v, 64, :  Not-Analyzed 
44. (Hier:sha256_k_lut) , ../rtl/sha256_k_lut.v, 65, :  Not-Analyzed 
45. (Hier:sha256_k_lut) , ../rtl/sha256_k_lut.v, 66, :  Not-Analyzed 
46. (Hier:sha256_k_lut) , ../rtl/sha256_k_lut.v, 67, :  Not-Analyzed 
47. (Hier:sha256_k_lut) , ../rtl/sha256_k_lut.v, 68, :  Not-Analyzed 
48. (Hier:sha256_k_lut) , ../rtl/sha256_k_lut.v, 69, :  Not-Analyzed 
49. (Hier:sha256_k_lut) , ../rtl/sha256_k_lut.v, 70, :  Not-Analyzed 
50. (Hier:sha256_k_lut) , ../rtl/sha256_k_lut.v, 71, :  Not-Analyzed 
51. (Hier:sha256_k_lut) , ../rtl/sha256_k_lut.v, 72, :  Not-Analyzed 
52. (Hier:sha256_k_lut) , ../rtl/sha256_k_lut.v, 73, :  Not-Analyzed 
53. (Hier:sha256_k_lut) , ../rtl/sha256_k_lut.v, 74, :  Not-Analyzed 
54. (Hier:sha256_k_lut) , ../rtl/sha256_k_lut.v, 75, :  Not-Analyzed 
55. (Hier:sha256_k_lut) , ../rtl/sha256_k_lut.v, 76, :  Not-Analyzed 
56. (Hier:sha256_k_lut) , ../rtl/sha256_k_lut.v, 77, :  Not-Analyzed 
57. (Hier:sha256_k_lut) , ../rtl/sha256_k_lut.v, 78, :  Not-Analyzed 
58. (Hier:sha256_k_lut) , ../rtl/sha256_k_lut.v, 79, :  Not-Analyzed 
59. (Hier:sha256_k_lut) , ../rtl/sha256_k_lut.v, 80, :  Not-Analyzed 
60. (Hier:sha256_k_lut) , ../rtl/sha256_k_lut.v, 81, :  Not-Analyzed 
61. (Hier:sha256_k_lut) , ../rtl/sha256_k_lut.v, 82, :  Not-Analyzed 
62. (Hier:sha256_k_lut) , ../rtl/sha256_k_lut.v, 83, :  Not-Analyzed 
63. (Hier:sha256_k_lut) , ../rtl/sha256_k_lut.v, 84, :  Not-Analyzed 
64. (Hier:sha256_k_lut) , ../rtl/sha256_k_lut.v, 85, :  Not-Analyzed 
65. (Hier:sha256_k_lut) , ../rtl/sha256_k_lut.v, 86, :  Not-Analyzed 
66. (Hier:sha256_k_lut) , ../rtl/sha256_k_lut.v, 87, :  Not-Analyzed 
67. (Hier:sha256_k_lut) , ../rtl/sha256_k_lut.v, 88, :  Not-Analyzed 
68. (Hier:sha256_k_lut) , ../rtl/sha256_k_lut.v, 89, :  Not-Analyzed 
69. (Hier:sha256_k_lut) , ../rtl/sha256_k_lut.v, 90, :  Not-Analyzed 
70. (Hier:sha256_k_lut) , ../rtl/sha256_k_lut.v, 91, :  Not-Analyzed 
71. (Hier:sha256_k_lut) , ../rtl/sha256_k_lut.v, 92, :  Not-Analyzed 
72. (Hier:sha256_k_lut) , ../rtl/sha256_k_lut.v, 93, :  Not-Analyzed 
73. (Hier:sha256_k_lut) , ../rtl/sha256_k_lut.v, 94, :  Not-Analyzed 
74. (Hier:sha256_k_lut) , ../rtl/sha256_k_lut.v, 95, :  Not-Analyzed 
75. (Hier:sha256_k_lut) , ../rtl/sha256_k_lut.v, 96, :  Not-Analyzed 
76. (Hier:sha256_k_lut) , ../rtl/sha256_k_lut.v, 97, :  Not-Analyzed 
77. (Hier:sha256_k_lut) , ../rtl/sha256_k_lut.v, 98, :  Not-Analyzed 
78. (Hier:sha256_k_lut) , ../rtl/sha256_k_lut.v, 99, :  Not-Analyzed 
79. (Hier:sha256_k_lut) , ../rtl/sha256_k_lut.v, 100, :  Not-Analyzed 
80. (Hier:sha256_k_lut) , ../rtl/sha256_k_lut.v, 101, :  Not-Analyzed 
81. (Hier:sha256_k_lut) , ../rtl/sha256_k_lut.v, 102, :  Not-Analyzed 
82. (Hier:sha256_k_lut) , ../rtl/sha256_k_lut.v, 103, :  Not-Analyzed 
83. (Hier:sha256_k_lut) , ../rtl/sha256_k_lut.v, 104, :  Not-Analyzed 
84. (Hier:sha256_k_lut) , ../rtl/sha256_k_lut.v, 105, :  Not-Analyzed 
85. (Hier:sha256_k_lut) , ../rtl/sha256_k_lut.v, 106, :  Not-Analyzed 
86. (Hier:sha256_k_lut) , ../rtl/sha256_k_lut.v, 107, :  Not-Analyzed 
87. (Hier:sha256_flow_ctl) , ../rtl/sha256_flow_ctl.v, 76, :  Not-Analyzed 
88. (Hier:sha256_flow_ctl) , ../rtl/sha256_flow_ctl.v, 77, :  Not-Analyzed 
89. (Hier:sha256_flow_ctl) , ../rtl/sha256_flow_ctl.v, 79, :  Not-Analyzed 
90. (Hier:sha256_flow_ctl) , ../rtl/sha256_flow_ctl.v, 81, :  Not-Analyzed 
91. (Hier:sha256_flow_ctl) , ../rtl/sha256_flow_ctl.v, 84, :  Not-Analyzed 
92. (Hier:sha256_flow_ctl) , ../rtl/sha256_flow_ctl.v, 86, :  Not-Analyzed 
93. (Hier:sha256_flow_ctl) , ../rtl/sha256_flow_ctl.v, 99, :  Not-Analyzed 
94. (Hier:sha256_flow_ctl) , ../rtl/sha256_flow_ctl.v, 101, :  Not-Analyzed 
95. (Hier:sha256_flow_ctl) , ../rtl/sha256_flow_ctl.v, 103, :  Not-Analyzed 
96. (Hier:sha256_flow_ctl) , ../rtl/sha256_flow_ctl.v, 107, :  Not-Analyzed 
97. (Hier:sha256_flow_ctl) , ../rtl/sha256_flow_ctl.v, 109, :  Not-Analyzed 
98. (Hier:sha256_flow_ctl) , ../rtl/sha256_flow_ctl.v, 111, :  Not-Analyzed 
99. (Hier:sync_fifo) , ../rtl/sync_fifo.v, 31, :  Not-Analyzed 
100. (Hier:sync_fifo) , ../rtl/sync_fifo.v, 33, :  Not-Analyzed 
101. (Hier:sync_fifo) , ../rtl/sync_fifo.v, 38, :  Not-Analyzed 
102. (Hier:sync_fifo) , ../rtl/sync_fifo.v, 40, :  Not-Analyzed 
103. (Hier:sync_fifo) , ../rtl/sync_fifo.v, 45, :  Not-Analyzed 
104. (Hier:sync_fifo) , ../rtl/sync_fifo.v, 46, :  Not-Analyzed 
105. (Hier:sha256_axir) , ../rtl/sha256_axir.v, 133, :  Not-Analyzed 
106. (Hier:sha256_axir) , ../rtl/sha256_axir.v, 135, :  Not-Analyzed 
107. (Hier:sha256_axir) , ../rtl/sha256_axir.v, 138, :  Not-Analyzed 
108. (Hier:sha256_axir) , ../rtl/sha256_axir.v, 142, :  Not-Analyzed 
109. (Hier:sha256_axir) , ../rtl/sha256_axir.v, 144, :  Not-Analyzed 
110. (Hier:sha256_axir) , ../rtl/sha256_axir.v, 148, :  Not-Analyzed 
111. (Hier:sha256_axir) , ../rtl/sha256_axir.v, 149, :  Not-Analyzed 
112. (Hier:sha256_axir) , ../rtl/sha256_axir.v, 151, :  Not-Analyzed 
113. (Hier:sha256_axir) , ../rtl/sha256_axir.v, 153, :  Not-Analyzed 
114. (Hier:sha256_axir) , ../rtl/sha256_axir.v, 155, :  Not-Analyzed 
115. (Hier:sha256_axir) , ../rtl/sha256_axir.v, 159, :  Not-Analyzed 
116. (Hier:sha256_axir) , ../rtl/sha256_axir.v, 160, :  Not-Analyzed 
117. (Hier:sha256_axir) , ../rtl/sha256_axir.v, 162, :  Not-Analyzed 
118. (Hier:sha256_axir) , ../rtl/sha256_axir.v, 164, :  Not-Analyzed 
119. (Hier:sha256_axir) , ../rtl/sha256_axir.v, 172, :  Not-Analyzed 
120. (Hier:sha256_axir) , ../rtl/sha256_axir.v, 173, :  Not-Analyzed 
121. (Hier:sha256_axir) , ../rtl/sha256_axir.v, 176, :  Not-Analyzed 
122. (Hier:sha256_axir) , ../rtl/sha256_axir.v, 182, :  Not-Analyzed 
123. (Hier:sha256_axir) , ../rtl/sha256_axir.v, 183, :  Not-Analyzed 
124. (Hier:sha256_axir) , ../rtl/sha256_axir.v, 207, :  Not-Analyzed 
125. (Hier:sha256_axir) , ../rtl/sha256_axir.v, 209, :  Not-Analyzed 
126. (Hier:sha256_axir) , ../rtl/sha256_axir.v, 211, :  Not-Analyzed 
127. (Hier:sha256_axir) , ../rtl/sha256_axir.v, 221, :  Not-Analyzed 
128. (Hier:sha256_axir) , ../rtl/sha256_axir.v, 223, :  Not-Analyzed 
129. (Hier:sha256_axir) , ../rtl/sha256_axir.v, 225, :  Not-Analyzed 
130. (Hier:sha256_cfg) , ../rtl/sha256_cfg.v, 92, :  Not-Analyzed 
131. (Hier:sha256_cfg) , ../rtl/sha256_cfg.v, 94, :  Not-Analyzed 
132. (Hier:sha256_cfg) , ../rtl/sha256_cfg.v, 96, :  Not-Analyzed 
133. (Hier:sha256_cfg) , ../rtl/sha256_cfg.v, 99, :  Not-Analyzed 
134. (Hier:sha256_cfg) , ../rtl/sha256_cfg.v, 102, :  Not-Analyzed 
135. (Hier:sha256_cfg) , ../rtl/sha256_cfg.v, 104, :  Not-Analyzed 
136. (Hier:sha256_cfg) , ../rtl/sha256_cfg.v, 107, :  Not-Analyzed 
137. (Hier:sha256_cfg) , ../rtl/sha256_cfg.v, 112, :  Not-Analyzed 
138. (Hier:sha256_cfg) , ../rtl/sha256_cfg.v, 114, :  Not-Analyzed 
139. (Hier:sha256_cfg) , ../rtl/sha256_cfg.v, 118, :  Not-Analyzed 
140. (Hier:sha256_cfg) , ../rtl/sha256_cfg.v, 120, :  Not-Analyzed 
141. (Hier:sha256_cfg) , ../rtl/sha256_cfg.v, 122, :  Not-Analyzed 
142. (Hier:sha256_cfg) , ../rtl/sha256_cfg.v, 128, :  Not-Analyzed 
143. (Hier:sha256_cfg) , ../rtl/sha256_cfg.v, 129, :  Not-Analyzed 
144. (Hier:sha256_cfg) , ../rtl/sha256_cfg.v, 131, :  Not-Analyzed 
145. (Hier:sha256_cfg) , ../rtl/sha256_cfg.v, 132, :  Not-Analyzed 
146. (Hier:sha256_cfg) , ../rtl/sha256_cfg.v, 133, :  Not-Analyzed 
147. (Hier:sha256_cfg) , ../rtl/sha256_cfg.v, 134, :  Not-Analyzed 
148. (Hier:sha256_cfg) , ../rtl/sha256_cfg.v, 135, :  Not-Analyzed 
149. (Hier:sha256_cfg) , ../rtl/sha256_cfg.v, 136, :  Not-Analyzed 
150. (Hier:sha256_cfg) , ../rtl/sha256_cfg.v, 137, :  Not-Analyzed 
151. (Hier:sha256_cfg) , ../rtl/sha256_cfg.v, 138, :  Not-Analyzed 
152. (Hier:sha256_cfg) , ../rtl/sha256_cfg.v, 140, :  Not-Analyzed 
153. (Hier:sha256_cfg) , ../rtl/sha256_cfg.v, 141, :  Not-Analyzed 
154. (Hier:sha256_cfg) , ../rtl/sha256_cfg.v, 142, :  Not-Analyzed 
155. (Hier:sha256_cfg) , ../rtl/sha256_cfg.v, 143, :  Not-Analyzed 
156. (Hier:sha256_cfg) , ../rtl/sha256_cfg.v, 144, :  Not-Analyzed 
157. (Hier:sha256_cfg) , ../rtl/sha256_cfg.v, 145, :  Not-Analyzed 
158. (Hier:sha256_cfg) , ../rtl/sha256_cfg.v, 146, :  Not-Analyzed 
159. (Hier:sha256_cfg) , ../rtl/sha256_cfg.v, 147, :  Not-Analyzed 
---------------------------------------------------------------------------------

Av_range01: 2 Not Analyzed
---------------------------------------------------------------------------------
1. (Hier:sha256.u_sync_fifo) mem[wr_ptr[(FIFO_ADDR_BIT - 1):0] ], ../rtl/sync_fifo.v, 47, :  Not-Analyzed 
2. (Hier:sha256.u_sync_fifo) mem[rd_ptr[(FIFO_ADDR_BIT - 1):0] ], ../rtl/sync_fifo.v, 55, :  Not-Analyzed 
---------------------------------------------------------------------------------

