################################################################################
#
# This file has been generated by SpyGlass:
#     Report Created by: yyx
#     Report Created on: Fri Sep 15 10:18:05 2023
#     Working Directory: /media/yyx/B63E46DF3E46986F/new_proj/sha256/spyglass
#     Report Location  : ./sha256/sha256/adv_lint/adv_lint_verify/spyglass_reports/auto-verify/auto_verify.rpt
#     SpyGlass Version : SpyGlass_vL-2016.06
#     Policy Name      : auto-verify(SpyGlass_vL-2016.06)
#     Comment          : Generated by auto-verify
#
################################################################################


################################################################################
#
# Purpose: 
#   This report contains the functional analysis statistics of a design.
#
# Format: 
#   It contains the following sections :
#   Section A: Run Parameters
#     Lists the parameters specified in the current run
#   Section B: Clock Information
#     Lists the clock information of the design 
#   Section C: Reset Information
#     Lists the reset information of the design 
#   Section D: Set-Case Analysis Settings
#     Lists the set case analysis settings used in the design 
#   Section E: Initial State of the Design
#     Lists the initial-state statistics of the design along with the 
#     reset percentage. The initial state of each register can be seen 
#     in auto_verify.reg file.
#   Section F: Results Summary (Current) 
#     Lists the statistics of the assertions formed for each rule.
#   Section G: Results Summary (Cumulative) 
#     Lists the summary of cumulative set of assertions formed in the current 
#     run and the information of earlier runs in the property file. This section 
#     is printed when you specify a property file using the -propfile 
#     command-line option.
#   Section H: Assertion Details
#     Lists the assertion details.
################################################################################

##########################################################################################################

					Section A: Run Parameters
					-------------------------

				 NOT APPLICABLE (AS NO PARAMETER IS PASSED)

##########################################################################################################

					Section B: Clock Information
					----------------------------

(clock): (period); (Clock Source); (rising/falling); (edgeList); (no. of flops on posedge); (no. of flops on negedge)
-----------------------------------------------------------------------------------------------------
sha256.clk: 10.000000; SGDC; Rising; (0.0, 5.0); 1772; 0

Design Cycle: 2(1)

##########################################################################################################


					Section C: Reset Information
					----------------------------

(reset) ; (value)
------------------------
sha256.rstn ; Active Low

##########################################################################################################


					Section E: Initial State of the Design 
					-------------------------------------- 

Total no of sequential elements: 1774
No of '1's: 2
No of '0's: 131
No of 'x's: 1641
RESET PERCENTAGE for root 'sha256'(1774 sequential elements) is '7.50%'

##########################################################################################################


					Section F: Results Summary (Current)  
					------------------------------------ 

----------------------------------------------------------------------------------------------------------------------
RuleName                  Passed         Failed         Partially Proved           Not Analyzed         Others         Total
                                                        (Average Depth) 
----------------------------------------------------------------------------------------------------------------------
Av_fsm_analysis              9              0                   0                        0                0              9
Av_deadcode01                159            0                   0                        0                0              159
Av_range01                   2              0                   0                        0                0              2
----------------------------------------------------------------------------------------------------------------------
Total                        170            0                   0                        0                0              170            
----------------------------------------------------------------------------------------------------------------------

##########################################################################################################


					Section G: Results Summary (Cumulative)  
					---------------------------------------

				 NOT APPLICABLE (AS NO PROPERTY FILE PASSED)

##########################################################################################################


					Section H:  Assertion Details
					-----------------------------


Section:Report Summary of Proved checks
---------------------------------------------------------------------------------

Av_fsm_analysis: 9 Proved
---------------------------------------------------------------------------------
1. (Hier:sha256.u_sha256_axir) sta (s_cmd0 => s_idle), ../rtl/sha256_axir.v, 151, :  PROVED 
2. (Hier:sha256.u_sha256_axir) sta (s_cmd1 => s_idle), ../rtl/sha256_axir.v, 162, :  PROVED 
3. (Hier:sha256.u_sha256_axir) sta (s_idle => s_judge), ../rtl/sha256_axir.v, 139, :  PROVED 
4. (Hier:sha256.u_sha256_axir) sta (s_cmd0 => s_judge), ../rtl/sha256_axir.v, 155, :  PROVED 
5. (Hier:sha256.u_sha256_axir) sta (s_cmd1 => s_judge), ../rtl/sha256_axir.v, 164, :  PROVED 
6. (Hier:sha256.u_sha256_axir) sta (s_judge => s_cmd0), ../rtl/sha256_axir.v, 144, :  PROVED 
7. (Hier:sha256.u_sha256_axir) sta (s_cmd0 => s_cmd1), ../rtl/sha256_axir.v, 153, :  PROVED 
8. (Hier:sha256.u_sha256_flow_ctl) sta (s_cal => s_msg), ../rtl/sha256_flow_ctl.v, 86, :  PROVED 
9. (Hier:sha256.u_sha256_flow_ctl) sta (s_msg => s_cal), ../rtl/sha256_flow_ctl.v, 81, :  PROVED 
---------------------------------------------------------------------------------

Av_deadcode01: 159 Proved
---------------------------------------------------------------------------------
1. (Hier:sha256_axir) , ../rtl/sha256_axir.v, 135, :  PROVED 
2. (Hier:sha256_axir) , ../rtl/sha256_axir.v, 142, :  PROVED 
3. (Hier:sha256_axir) , ../rtl/sha256_axir.v, 144, :  PROVED 
4. (Hier:sha256_axir) , ../rtl/sha256_axir.v, 148, :  PROVED 
5. (Hier:sha256_axir) , ../rtl/sha256_axir.v, 149, :  PROVED 
6. (Hier:sha256_axir) , ../rtl/sha256_axir.v, 151, :  PROVED 
7. (Hier:sha256_axir) , ../rtl/sha256_axir.v, 153, :  PROVED 
8. (Hier:sha256_axir) , ../rtl/sha256_axir.v, 155, :  PROVED 
9. (Hier:sha256_axir) , ../rtl/sha256_axir.v, 159, :  PROVED 
10. (Hier:sha256_axir) , ../rtl/sha256_axir.v, 160, :  PROVED 
11. (Hier:sha256_axir) , ../rtl/sha256_axir.v, 162, :  PROVED 
12. (Hier:sha256_axir) , ../rtl/sha256_axir.v, 164, :  PROVED 
13. (Hier:sha256_cfg) , ../rtl/sha256_cfg.v, 92, :  PROVED 
14. (Hier:sha256_cfg) , ../rtl/sha256_cfg.v, 94, :  PROVED 
15. (Hier:sha256_cfg) , ../rtl/sha256_cfg.v, 96, :  PROVED 
16. (Hier:sha256_cfg) , ../rtl/sha256_cfg.v, 99, :  PROVED 
17. (Hier:sha256_cfg) , ../rtl/sha256_cfg.v, 102, :  PROVED 
18. (Hier:sha256_cfg) , ../rtl/sha256_cfg.v, 104, :  PROVED 
19. (Hier:sha256_cfg) , ../rtl/sha256_cfg.v, 107, :  PROVED 
20. (Hier:sha256_cfg) , ../rtl/sha256_cfg.v, 112, :  PROVED 
21. (Hier:sha256_cfg) , ../rtl/sha256_cfg.v, 114, :  PROVED 
22. (Hier:sha256_cfg) , ../rtl/sha256_cfg.v, 118, :  PROVED 
23. (Hier:sha256_cfg) , ../rtl/sha256_cfg.v, 120, :  PROVED 
24. (Hier:sha256_cfg) , ../rtl/sha256_cfg.v, 122, :  PROVED 
25. (Hier:sha256_cfg) , ../rtl/sha256_cfg.v, 128, :  PROVED 
26. (Hier:sha256_cfg) , ../rtl/sha256_cfg.v, 129, :  PROVED 
27. (Hier:sha256_cfg) , ../rtl/sha256_cfg.v, 131, :  PROVED 
28. (Hier:sha256_cfg) , ../rtl/sha256_cfg.v, 132, :  PROVED 
29. (Hier:sha256_cfg) , ../rtl/sha256_cfg.v, 133, :  PROVED 
30. (Hier:sha256_cfg) , ../rtl/sha256_cfg.v, 134, :  PROVED 
31. (Hier:sha256_cfg) , ../rtl/sha256_cfg.v, 135, :  PROVED 
32. (Hier:sha256_cfg) , ../rtl/sha256_cfg.v, 136, :  PROVED 
33. (Hier:sha256_cfg) , ../rtl/sha256_cfg.v, 137, :  PROVED 
34. (Hier:sha256_cfg) , ../rtl/sha256_cfg.v, 138, :  PROVED 
35. (Hier:sha256_cfg) , ../rtl/sha256_cfg.v, 140, :  PROVED 
36. (Hier:sha256_cfg) , ../rtl/sha256_cfg.v, 141, :  PROVED 
37. (Hier:sha256_cfg) , ../rtl/sha256_cfg.v, 142, :  PROVED 
38. (Hier:sha256_cfg) , ../rtl/sha256_cfg.v, 143, :  PROVED 
39. (Hier:sha256_cfg) , ../rtl/sha256_cfg.v, 144, :  PROVED 
40. (Hier:sha256_cfg) , ../rtl/sha256_cfg.v, 145, :  PROVED 
41. (Hier:sha256_cfg) , ../rtl/sha256_cfg.v, 146, :  PROVED 
42. (Hier:sha256_cfg) , ../rtl/sha256_cfg.v, 147, :  PROVED 
43. (Hier:sha256_axir) , ../rtl/sha256_axir.v, 133, :  PROVED 
44. (Hier:sha256_axir) , ../rtl/sha256_axir.v, 138, :  PROVED 
45. (Hier:sha256_axir) , ../rtl/sha256_axir.v, 172, :  PROVED 
46. (Hier:sha256_axir) , ../rtl/sha256_axir.v, 173, :  PROVED 
47. (Hier:sha256_axir) , ../rtl/sha256_axir.v, 176, :  PROVED 
48. (Hier:sha256_axir) , ../rtl/sha256_axir.v, 182, :  PROVED 
49. (Hier:sha256_axir) , ../rtl/sha256_axir.v, 183, :  PROVED 
50. (Hier:sha256_axir) , ../rtl/sha256_axir.v, 207, :  PROVED 
51. (Hier:sha256_axir) , ../rtl/sha256_axir.v, 209, :  PROVED 
52. (Hier:sha256_axir) , ../rtl/sha256_axir.v, 211, :  PROVED 
53. (Hier:sha256_axir) , ../rtl/sha256_axir.v, 221, :  PROVED 
54. (Hier:sha256_axir) , ../rtl/sha256_axir.v, 223, :  PROVED 
55. (Hier:sha256_axir) , ../rtl/sha256_axir.v, 225, :  PROVED 
56. (Hier:sync_fifo) , ../rtl/sync_fifo.v, 31, :  PROVED 
57. (Hier:sync_fifo) , ../rtl/sync_fifo.v, 33, :  PROVED 
58. (Hier:sync_fifo) , ../rtl/sync_fifo.v, 38, :  PROVED 
59. (Hier:sync_fifo) , ../rtl/sync_fifo.v, 40, :  PROVED 
60. (Hier:sync_fifo) , ../rtl/sync_fifo.v, 45, :  PROVED 
61. (Hier:sync_fifo) , ../rtl/sync_fifo.v, 46, :  PROVED 
62. (Hier:sha256_flow_ctl) , ../rtl/sha256_flow_ctl.v, 76, :  PROVED 
63. (Hier:sha256_flow_ctl) , ../rtl/sha256_flow_ctl.v, 77, :  PROVED 
64. (Hier:sha256_flow_ctl) , ../rtl/sha256_flow_ctl.v, 79, :  PROVED 
65. (Hier:sha256_flow_ctl) , ../rtl/sha256_flow_ctl.v, 81, :  PROVED 
66. (Hier:sha256_flow_ctl) , ../rtl/sha256_flow_ctl.v, 84, :  PROVED 
67. (Hier:sha256_flow_ctl) , ../rtl/sha256_flow_ctl.v, 86, :  PROVED 
68. (Hier:sha256_flow_ctl) , ../rtl/sha256_flow_ctl.v, 99, :  PROVED 
69. (Hier:sha256_flow_ctl) , ../rtl/sha256_flow_ctl.v, 101, :  PROVED 
70. (Hier:sha256_flow_ctl) , ../rtl/sha256_flow_ctl.v, 103, :  PROVED 
71. (Hier:sha256_flow_ctl) , ../rtl/sha256_flow_ctl.v, 107, :  PROVED 
72. (Hier:sha256_flow_ctl) , ../rtl/sha256_flow_ctl.v, 109, :  PROVED 
73. (Hier:sha256_flow_ctl) , ../rtl/sha256_flow_ctl.v, 111, :  PROVED 
74. (Hier:sha256_k_lut) , ../rtl/sha256_k_lut.v, 42, :  PROVED 
75. (Hier:sha256_k_lut) , ../rtl/sha256_k_lut.v, 44, :  PROVED 
76. (Hier:sha256_k_lut) , ../rtl/sha256_k_lut.v, 45, :  PROVED 
77. (Hier:sha256_k_lut) , ../rtl/sha256_k_lut.v, 46, :  PROVED 
78. (Hier:sha256_k_lut) , ../rtl/sha256_k_lut.v, 47, :  PROVED 
79. (Hier:sha256_k_lut) , ../rtl/sha256_k_lut.v, 48, :  PROVED 
80. (Hier:sha256_k_lut) , ../rtl/sha256_k_lut.v, 49, :  PROVED 
81. (Hier:sha256_k_lut) , ../rtl/sha256_k_lut.v, 50, :  PROVED 
82. (Hier:sha256_k_lut) , ../rtl/sha256_k_lut.v, 51, :  PROVED 
83. (Hier:sha256_k_lut) , ../rtl/sha256_k_lut.v, 52, :  PROVED 
84. (Hier:sha256_k_lut) , ../rtl/sha256_k_lut.v, 53, :  PROVED 
85. (Hier:sha256_k_lut) , ../rtl/sha256_k_lut.v, 54, :  PROVED 
86. (Hier:sha256_k_lut) , ../rtl/sha256_k_lut.v, 55, :  PROVED 
87. (Hier:sha256_k_lut) , ../rtl/sha256_k_lut.v, 56, :  PROVED 
88. (Hier:sha256_k_lut) , ../rtl/sha256_k_lut.v, 57, :  PROVED 
89. (Hier:sha256_k_lut) , ../rtl/sha256_k_lut.v, 58, :  PROVED 
90. (Hier:sha256_k_lut) , ../rtl/sha256_k_lut.v, 59, :  PROVED 
91. (Hier:sha256_k_lut) , ../rtl/sha256_k_lut.v, 60, :  PROVED 
92. (Hier:sha256_k_lut) , ../rtl/sha256_k_lut.v, 61, :  PROVED 
93. (Hier:sha256_k_lut) , ../rtl/sha256_k_lut.v, 62, :  PROVED 
94. (Hier:sha256_k_lut) , ../rtl/sha256_k_lut.v, 63, :  PROVED 
95. (Hier:sha256_k_lut) , ../rtl/sha256_k_lut.v, 64, :  PROVED 
96. (Hier:sha256_k_lut) , ../rtl/sha256_k_lut.v, 65, :  PROVED 
97. (Hier:sha256_k_lut) , ../rtl/sha256_k_lut.v, 66, :  PROVED 
98. (Hier:sha256_k_lut) , ../rtl/sha256_k_lut.v, 67, :  PROVED 
99. (Hier:sha256_k_lut) , ../rtl/sha256_k_lut.v, 68, :  PROVED 
100. (Hier:sha256_k_lut) , ../rtl/sha256_k_lut.v, 69, :  PROVED 
101. (Hier:sha256_k_lut) , ../rtl/sha256_k_lut.v, 70, :  PROVED 
102. (Hier:sha256_k_lut) , ../rtl/sha256_k_lut.v, 71, :  PROVED 
103. (Hier:sha256_k_lut) , ../rtl/sha256_k_lut.v, 72, :  PROVED 
104. (Hier:sha256_k_lut) , ../rtl/sha256_k_lut.v, 73, :  PROVED 
105. (Hier:sha256_k_lut) , ../rtl/sha256_k_lut.v, 74, :  PROVED 
106. (Hier:sha256_k_lut) , ../rtl/sha256_k_lut.v, 75, :  PROVED 
107. (Hier:sha256_k_lut) , ../rtl/sha256_k_lut.v, 76, :  PROVED 
108. (Hier:sha256_k_lut) , ../rtl/sha256_k_lut.v, 77, :  PROVED 
109. (Hier:sha256_k_lut) , ../rtl/sha256_k_lut.v, 78, :  PROVED 
110. (Hier:sha256_k_lut) , ../rtl/sha256_k_lut.v, 79, :  PROVED 
111. (Hier:sha256_k_lut) , ../rtl/sha256_k_lut.v, 80, :  PROVED 
112. (Hier:sha256_k_lut) , ../rtl/sha256_k_lut.v, 81, :  PROVED 
113. (Hier:sha256_k_lut) , ../rtl/sha256_k_lut.v, 82, :  PROVED 
114. (Hier:sha256_k_lut) , ../rtl/sha256_k_lut.v, 83, :  PROVED 
115. (Hier:sha256_k_lut) , ../rtl/sha256_k_lut.v, 84, :  PROVED 
116. (Hier:sha256_k_lut) , ../rtl/sha256_k_lut.v, 85, :  PROVED 
117. (Hier:sha256_k_lut) , ../rtl/sha256_k_lut.v, 86, :  PROVED 
118. (Hier:sha256_k_lut) , ../rtl/sha256_k_lut.v, 87, :  PROVED 
119. (Hier:sha256_k_lut) , ../rtl/sha256_k_lut.v, 88, :  PROVED 
120. (Hier:sha256_k_lut) , ../rtl/sha256_k_lut.v, 89, :  PROVED 
121. (Hier:sha256_k_lut) , ../rtl/sha256_k_lut.v, 90, :  PROVED 
122. (Hier:sha256_k_lut) , ../rtl/sha256_k_lut.v, 91, :  PROVED 
123. (Hier:sha256_k_lut) , ../rtl/sha256_k_lut.v, 92, :  PROVED 
124. (Hier:sha256_k_lut) , ../rtl/sha256_k_lut.v, 93, :  PROVED 
125. (Hier:sha256_k_lut) , ../rtl/sha256_k_lut.v, 94, :  PROVED 
126. (Hier:sha256_k_lut) , ../rtl/sha256_k_lut.v, 95, :  PROVED 
127. (Hier:sha256_k_lut) , ../rtl/sha256_k_lut.v, 96, :  PROVED 
128. (Hier:sha256_k_lut) , ../rtl/sha256_k_lut.v, 97, :  PROVED 
129. (Hier:sha256_k_lut) , ../rtl/sha256_k_lut.v, 98, :  PROVED 
130. (Hier:sha256_k_lut) , ../rtl/sha256_k_lut.v, 99, :  PROVED 
131. (Hier:sha256_k_lut) , ../rtl/sha256_k_lut.v, 100, :  PROVED 
132. (Hier:sha256_k_lut) , ../rtl/sha256_k_lut.v, 101, :  PROVED 
133. (Hier:sha256_k_lut) , ../rtl/sha256_k_lut.v, 102, :  PROVED 
134. (Hier:sha256_k_lut) , ../rtl/sha256_k_lut.v, 103, :  PROVED 
135. (Hier:sha256_k_lut) , ../rtl/sha256_k_lut.v, 104, :  PROVED 
136. (Hier:sha256_k_lut) , ../rtl/sha256_k_lut.v, 105, :  PROVED 
137. (Hier:sha256_k_lut) , ../rtl/sha256_k_lut.v, 106, :  PROVED 
138. (Hier:sha256_k_lut) , ../rtl/sha256_k_lut.v, 107, :  PROVED 
139. (Hier:sha256_w_reg) , ../rtl/sha256_w_reg.v, 67, :  PROVED 
140. (Hier:sha256_w_reg) , ../rtl/sha256_w_reg.v, 68, :  PROVED 
141. (Hier:sha256_w_reg) , ../rtl/sha256_w_reg.v, 69, :  PROVED 
142. (Hier:sha256_w_reg) , ../rtl/sha256_w_reg.v, 71, :  PROVED 
143. (Hier:sha256_w_reg) , ../rtl/sha256_w_reg.v, 73, :  PROVED 
144. (Hier:sha256_w_reg) , ../rtl/sha256_w_reg.v, 74, :  PROVED 
145. (Hier:sha256_loop) , ../rtl/sha256_loop.v, 118, :  PROVED 
146. (Hier:sha256_loop) , ../rtl/sha256_loop.v, 120, :  PROVED 
147. (Hier:sha256_loop) , ../rtl/sha256_loop.v, 122, :  PROVED 
148. (Hier:sha256_loop) , ../rtl/sha256_loop.v, 126, :  PROVED 
149. (Hier:sha256_loop) , ../rtl/sha256_loop.v, 128, :  PROVED 
150. (Hier:sha256_loop) , ../rtl/sha256_loop.v, 130, :  PROVED 
151. (Hier:sha256_loop) , ../rtl/sha256_loop.v, 134, :  PROVED 
152. (Hier:sha256_loop) , ../rtl/sha256_loop.v, 136, :  PROVED 
153. (Hier:sha256_loop) , ../rtl/sha256_loop.v, 138, :  PROVED 
154. (Hier:sha256_loop) , ../rtl/sha256_loop.v, 139, :  PROVED 
155. (Hier:sha256_loop) , ../rtl/sha256_loop.v, 148, :  PROVED 
156. (Hier:sha256_loop) , ../rtl/sha256_loop.v, 159, :  PROVED 
157. (Hier:sha256_loop) , ../rtl/sha256_loop.v, 160, :  PROVED 
158. (Hier:sha256_loop) , ../rtl/sha256_loop.v, 169, :  PROVED 
159. (Hier:sha256_loop) , ../rtl/sha256_loop.v, 178, :  PROVED 
---------------------------------------------------------------------------------

Av_range01: 2 Proved
---------------------------------------------------------------------------------
1. (Hier:sha256.u_sync_fifo) mem[wr_ptr[(FIFO_ADDR_BIT - 1):0] ], ../rtl/sync_fifo.v, 47, :  PROVED 
2. (Hier:sha256.u_sync_fifo) mem[rd_ptr[(FIFO_ADDR_BIT - 1):0] ], ../rtl/sync_fifo.v, 55, :  PROVED 
---------------------------------------------------------------------------------

